<?xml version="1.0" encoding="UTF-8"?>
<testsuite name="com.example.fdv.bikes.BikePackageServiceTest" time="0.062" tests="1" errors="1" skipped="0" failures="0">
  <properties>
[...]
</properties>
  <testcase name="calculteFinalPackageTest" classname="com.example.fdv.bikes.BikePackageServiceTest" time="0.062">
    <error type="java.lang.NullPointerException:">java.lang.NullPointerException: null
	at com.fdv.bikes.service.impl.BikePackageServiceImpl.lambda$0(BikePackageServiceImpl.java:43)
	at java.util.ArrayList.forEach(ArrayList.java:1257)
	at com.fdv.bikes.service.impl.BikePackageServiceImpl.calculteFinalPackage(BikePackageServiceImpl.java:39)
	at com.example.fdv.bikes.BikePackageServiceTest.calculteFinalPackageTest(BikePackageServiceTest.java:49)
</error>
    <system-out><![CDATA[19:14:36.148 [main] DEBUG org.springframework.test.context.junit4.SpringJUnit4ClassRunner - SpringJUnit4ClassRunner constructor called with [class com.example.fdv.bikes.BikePackageServiceTest]
19:14:36.153 [main] DEBUG org.springframework.test.context.BootstrapUtils - Instantiating CacheAwareContextLoaderDelegate from class [org.springframework.test.context.cache.DefaultCacheAwareContextLoaderDelegate]
19:14:36.160 [main] DEBUG org.springframework.test.context.BootstrapUtils - Instantiating BootstrapContext using constructor [public org.springframework.test.context.support.DefaultBootstrapContext(java.lang.Class,org.springframework.test.context.CacheAwareContextLoaderDelegate)]
19:14:36.175 [main] DEBUG org.springframework.test.context.BootstrapUtils - Instantiating TestContextBootstrapper for test class [com.example.fdv.bikes.BikePackageServiceTest] from class [org.springframework.test.context.support.DefaultTestContextBootstrapper]
19:14:36.186 [main] INFO org.springframework.test.context.support.DefaultTestContextBootstrapper - Neither @ContextConfiguration nor @ContextHierarchy found for test class [com.example.fdv.bikes.BikePackageServiceTest], using DelegatingSmartContextLoader
19:14:36.189 [main] DEBUG org.springframework.test.context.support.AbstractDelegatingSmartContextLoader - Delegating to GenericXmlContextLoader to process context configuration [ContextConfigurationAttributes@5383967b declaringClass = 'com.example.fdv.bikes.BikePackageServiceTest', classes = '{}', locations = '{}', inheritLocations = false, initializers = '{}', inheritInitializers = true, name = [null], contextLoaderClass = 'org.springframework.test.context.ContextLoader'].
19:14:36.191 [main] DEBUG org.springframework.test.context.support.AbstractContextLoader - Did not detect default resource location for test class [com.example.fdv.bikes.BikePackageServiceTest]: class path resource [com/example/fdv/bikes/BikePackageServiceTest-context.xml] does not exist
19:14:36.191 [main] INFO org.springframework.test.context.support.AbstractContextLoader - Could not detect default resource locations for test class [com.example.fdv.bikes.BikePackageServiceTest]: no resource found for suffixes {-context.xml}.
19:14:36.191 [main] DEBUG org.springframework.test.context.support.AbstractDelegatingSmartContextLoader - Delegating to AnnotationConfigContextLoader to process context configuration [ContextConfigurationAttributes@5383967b declaringClass = 'com.example.fdv.bikes.BikePackageServiceTest', classes = '{}', locations = '{}', inheritLocations = false, initializers = '{}', inheritInitializers = true, name = [null], contextLoaderClass = 'org.springframework.test.context.ContextLoader'].
19:14:36.192 [main] INFO org.springframework.test.context.support.AnnotationConfigContextLoaderUtils - Could not detect default configuration classes for test class [com.example.fdv.bikes.BikePackageServiceTest]: BikePackageServiceTest does not declare any static, non-private, non-final, nested classes annotated with @Configuration.
19:14:36.223 [main] DEBUG org.springframework.test.context.support.ActiveProfilesUtils - Could not find an 'annotation declaring class' for annotation type [org.springframework.test.context.ActiveProfiles] and class [com.example.fdv.bikes.BikePackageServiceTest]
19:14:36.224 [main] DEBUG org.springframework.test.context.support.DefaultTestContextBootstrapper - @TestExecutionListeners is not present for class [com.example.fdv.bikes.BikePackageServiceTest]: using defaults.
19:14:36.227 [main] INFO org.springframework.test.context.support.DefaultTestContextBootstrapper - Loaded default TestExecutionListener class names from location [META-INF/spring.factories]: [org.springframework.boot.test.mock.mockito.MockitoTestExecutionListener, org.springframework.boot.test.mock.mockito.ResetMocksTestExecutionListener, org.springframework.boot.test.autoconfigure.restdocs.RestDocsTestExecutionListener, org.springframework.boot.test.autoconfigure.web.client.MockRestServiceServerResetTestExecutionListener, org.springframework.boot.test.autoconfigure.web.servlet.MockMvcPrintOnlyOnFailureTestExecutionListener, org.springframework.boot.test.autoconfigure.web.servlet.WebDriverTestExecutionListener, org.springframework.test.context.web.ServletTestExecutionListener, org.springframework.test.context.support.DirtiesContextBeforeModesTestExecutionListener, org.springframework.test.context.support.DependencyInjectionTestExecutionListener, org.springframework.test.context.support.DirtiesContextTestExecutionListener, org.springframework.test.context.transaction.TransactionalTestExecutionListener, org.springframework.test.context.jdbc.SqlScriptsTestExecutionListener]
19:14:36.237 [main] INFO org.springframework.test.context.support.DefaultTestContextBootstrapper - Could not instantiate TestExecutionListener [org.springframework.test.context.jdbc.SqlScriptsTestExecutionListener]. Specify custom listener classes or make the default listener classes (and their required dependencies) available. Offending class: [org/springframework/transaction/interceptor/TransactionAttribute]
19:14:36.237 [main] INFO org.springframework.test.context.support.DefaultTestContextBootstrapper - Could not instantiate TestExecutionListener [org.springframework.test.context.transaction.TransactionalTestExecutionListener]. Specify custom listener classes or make the default listener classes (and their required dependencies) available. Offending class: [org/springframework/transaction/interceptor/TransactionAttributeSource]
19:14:36.238 [main] INFO org.springframework.test.context.support.DefaultTestContextBootstrapper - Using TestExecutionListeners: [org.springframework.test.context.web.ServletTestExecutionListener@52f759d7, org.springframework.test.context.support.DirtiesContextBeforeModesTestExecutionListener@7cbd213e, org.springframework.test.context.support.DependencyInjectionTestExecutionListener@192d3247, org.springframework.test.context.support.DirtiesContextTestExecutionListener@3ecd23d9, org.springframework.boot.test.autoconfigure.web.client.MockRestServiceServerResetTestExecutionListener@569cfc36, org.springframework.boot.test.autoconfigure.web.servlet.WebDriverTestExecutionListener@43bd930a, org.springframework.boot.test.autoconfigure.web.servlet.MockMvcPrintOnlyOnFailureTestExecutionListener@33723e30, org.springframework.boot.test.autoconfigure.restdocs.RestDocsTestExecutionListener@64f6106c, org.springframework.boot.test.mock.mockito.ResetMocksTestExecutionListener@553a3d88, org.springframework.boot.test.mock.mockito.MockitoTestExecutionListener@7a30d1e6]
19:14:36.242 [main] DEBUG org.springframework.test.context.junit4.SpringJUnit4ClassRunner - SpringJUnit4ClassRunner constructor called with [class com.example.fdv.bikes.BikesRentalApplicationTests]
19:14:36.242 [main] DEBUG org.springframework.test.context.BootstrapUtils - Instantiating CacheAwareContextLoaderDelegate from class [org.springframework.test.context.cache.DefaultCacheAwareContextLoaderDelegate]
19:14:36.243 [main] DEBUG org.springframework.test.context.BootstrapUtils - Instantiating BootstrapContext using constructor [public org.springframework.test.context.support.DefaultBootstrapContext(java.lang.Class,org.springframework.test.context.CacheAwareContextLoaderDelegate)]
19:14:36.246 [main] DEBUG org.springframework.test.context.BootstrapUtils - Instantiating TestContextBootstrapper for test class [com.example.fdv.bikes.BikesRentalApplicationTests] from class [org.springframework.boot.test.context.SpringBootTestContextBootstrapper]
19:14:36.249 [main] INFO org.springframework.boot.test.context.SpringBootTestContextBootstrapper - Neither @ContextConfiguration nor @ContextHierarchy found for test class [com.example.fdv.bikes.BikesRentalApplicationTests], using SpringBootContextLoader
19:14:36.250 [main] DEBUG org.springframework.test.context.support.AbstractContextLoader - Did not detect default resource location for test class [com.example.fdv.bikes.BikesRentalApplicationTests]: class path resource [com/example/fdv/bikes/BikesRentalApplicationTests-context.xml] does not exist
19:14:36.250 [main] DEBUG org.springframework.test.context.support.AbstractContextLoader - Did not detect default resource location for test class [com.example.fdv.bikes.BikesRentalApplicationTests]: class path resource [com/example/fdv/bikes/BikesRentalApplicationTestsContext.groovy] does not exist
19:14:36.250 [main] INFO org.springframework.test.context.support.AbstractContextLoader - Could not detect default resource locations for test class [com.example.fdv.bikes.BikesRentalApplicationTests]: no resource found for suffixes {-context.xml, Context.groovy}.
19:14:36.251 [main] INFO org.springframework.test.context.support.AnnotationConfigContextLoaderUtils - Could not detect default configuration classes for test class [com.example.fdv.bikes.BikesRentalApplicationTests]: BikesRentalApplicationTests does not declare any static, non-private, non-final, nested classes annotated with @Configuration.
19:14:36.258 [main] DEBUG org.springframework.test.context.support.ActiveProfilesUtils - Could not find an 'annotation declaring class' for annotation type [org.springframework.test.context.ActiveProfiles] and class [com.example.fdv.bikes.BikesRentalApplicationTests]
19:14:36.265 [main] DEBUG org.springframework.core.env.StandardEnvironment - Adding PropertySource 'systemProperties' with lowest search precedence
19:14:36.267 [main] DEBUG org.springframework.core.env.StandardEnvironment - Adding PropertySource 'systemEnvironment' with lowest search precedence
19:14:36.267 [main] DEBUG org.springframework.core.env.StandardEnvironment - Initialized StandardEnvironment with PropertySources [MapPropertySource@1256728724 {name='systemProperties', properties={java.runtime.name=Java(TM) SE Runtime Environment, sun.boot.library.path=C:\Program Files\Java\jdk1.8.0_191\jre\bin, java.vm.version=25.191-b12, java.vm.vendor=Oracle Corporation, java.vendor.url=http://java.oracle.com/, path.separator=;, java.vm.name=Java HotSpot(TM) 64-Bit Server VM, file.encoding.pkg=sun.io, user.country=US, user.script=, sun.java.launcher=SUN_STANDARD, sun.os.patch.level=, java.vm.specification.name=Java Virtual Machine Specification, user.dir=M:\downloadedTools\workspace\BikesRental, java.runtime.version=1.8.0_191-b12, basedir=M:\downloadedTools\workspace\BikesRental, java.awt.graphicsenv=sun.awt.Win32GraphicsEnvironment, java.endorsed.dirs=C:\Program Files\Java\jdk1.8.0_191\jre\lib\endorsed, os.arch=amd64, surefire.real.class.path=M:\downloadedTools\workspace\BikesRental\target\surefire\surefirebooter2936575285836931869.jar, java.io.tmpdir=C:\Users\sotol\AppData\Local\Temp\, line.separator=
, java.vm.specification.vendor=Oracle Corporation, user.variant=, os.name=Windows 10, sun.jnu.encoding=Cp1252, java.library.path=C:\Program Files\Java\jdk1.8.0_191\jre\bin;C:\WINDOWS\Sun\Java\bin;C:\WINDOWS\system32;C:\WINDOWS;C:/Program Files/Java/jre1.8.0_191/bin/server;C:/Program Files/Java/jre1.8.0_191/bin;C:/Program Files/Java/jre1.8.0_191/lib/amd64;C:\Program Files (x86)\Common Files\Oracle\Java\javapath;C:\Program Files (x86)\Intel\iCLS Client\;C:\Program Files\Intel\iCLS Client\;C:\Windows\system32;C:\Windows;C:\Windows\System32\Wbem;C:\Windows\System32\WindowsPowerShell\v1.0\;C:\Program Files (x86)\NVIDIA Corporation\PhysX\Common;C:\Program Files (x86)\Intel\Intel(R) Management Engine Components\DAL;C:\Program Files\Intel\Intel(R) Management Engine Components\DAL;C:\Program Files (x86)\Intel\Intel(R) Management Engine Components\IPT;C:\Program Files\Intel\Intel(R) Management Engine Components\IPT;C:\Program Files\Intel\WiFi\bin\;C:\Program Files\Common Files\Intel\WirelessCommon\;C:\WINDOWS\system32;C:\WINDOWS;C:\WINDOWS\System32\Wbem;C:\WINDOWS\System32\WindowsPowerShell\v1.0\;C:\WINDOWS\System32\OpenSSH\;%JAVA_HOME%\bin;%M2_HOME%\bin;M:\downloadedTools\nodejs\;C:\Users\sotol\AppData\Local\Microsoft\WindowsApps;C:\Users\sotol\AppData\Roaming\npm;M:\downloadedTools\sts-bundle\sts-3.9.6.RELEASE;;., surefire.test.class.path=M:\downloadedTools\workspace\BikesRental\target\test-classes;M:\downloadedTools\workspace\BikesRental\target\classes;C:\Users\sotol\.m2\repository\org\springframework\boot\spring-boot-starter-actuator\1.5.8.RELEASE\spring-boot-starter-actuator-1.5.8.RELEASE.jar;C:\Users\sotol\.m2\repository\org\springframework\boot\spring-boot-starter\1.5.8.RELEASE\spring-boot-starter-1.5.8.RELEASE.jar;C:\Users\sotol\.m2\repository\org\springframework\boot\spring-boot\1.5.8.RELEASE\spring-boot-1.5.8.RELEASE.jar;C:\Users\sotol\.m2\repository\org\springframework\boot\spring-boot-autoconfigure\1.5.8.RELEASE\spring-boot-autoconfigure-1.5.8.RELEASE.jar;C:\Users\sotol\.m2\repository\org\springframework\boot\spring-boot-starter-logging\1.5.8.RELEASE\spring-boot-starter-logging-1.5.8.RELEASE.jar;C:\Users\sotol\.m2\repository\ch\qos\logback\logback-classic\1.1.11\logback-classic-1.1.11.jar;C:\Users\sotol\.m2\repository\ch\qos\logback\logback-core\1.1.11\logback-core-1.1.11.jar;C:\Users\sotol\.m2\repository\org\slf4j\jcl-over-slf4j\1.7.25\jcl-over-slf4j-1.7.25.jar;C:\Users\sotol\.m2\repository\org\slf4j\jul-to-slf4j\1.7.25\jul-to-slf4j-1.7.25.jar;C:\Users\sotol\.m2\repository\org\slf4j\log4j-over-slf4j\1.7.25\log4j-over-slf4j-1.7.25.jar;C:\Users\sotol\.m2\repository\org\yaml\snakeyaml\1.17\snakeyaml-1.17.jar;C:\Users\sotol\.m2\repository\org\springframework\boot\spring-boot-actuator\1.5.8.RELEASE\spring-boot-actuator-1.5.8.RELEASE.jar;C:\Users\sotol\.m2\repository\org\springframework\spring-context\4.3.12.RELEASE\spring-context-4.3.12.RELEASE.jar;C:\Users\sotol\.m2\repository\org\springframework\boot\spring-boot-starter-web\1.5.8.RELEASE\spring-boot-starter-web-1.5.8.RELEASE.jar;C:\Users\sotol\.m2\repository\org\springframework\boot\spring-boot-starter-tomcat\1.5.8.RELEASE\spring-boot-starter-tomcat-1.5.8.RELEASE.jar;C:\Users\sotol\.m2\repository\org\apache\tomcat\embed\tomcat-embed-core\8.5.23\tomcat-embed-core-8.5.23.jar;C:\Users\sotol\.m2\repository\org\apache\tomcat\tomcat-annotations-api\8.5.23\tomcat-annotations-api-8.5.23.jar;C:\Users\sotol\.m2\repository\org\apache\tomcat\embed\tomcat-embed-el\8.5.23\tomcat-embed-el-8.5.23.jar;C:\Users\sotol\.m2\repository\org\apache\tomcat\embed\tomcat-embed-websocket\8.5.23\tomcat-embed-websocket-8.5.23.jar;C:\Users\sotol\.m2\repository\org\hibernate\hibernate-validator\5.3.5.Final\hibernate-validator-5.3.5.Final.jar;C:\Users\sotol\.m2\repository\javax\validation\validation-api\1.1.0.Final\validation-api-1.1.0.Final.jar;C:\Users\sotol\.m2\repository\org\jboss\logging\jboss-logging\3.3.1.Final\jboss-logging-3.3.1.Final.jar;C:\Users\sotol\.m2\repository\com\fasterxml\classmate\1.3.4\classmate-1.3.4.jar;C:\Users\sotol\.m2\repository\com\fasterxml\jackson\core\jackson-databind\2.8.10\jackson-databind-2.8.10.jar;C:\Users\sotol\.m2\repository\com\fasterxml\jackson\core\jackson-annotations\2.8.0\jackson-annotations-2.8.0.jar;C:\Users\sotol\.m2\repository\com\fasterxml\jackson\core\jackson-core\2.8.10\jackson-core-2.8.10.jar;C:\Users\sotol\.m2\repository\org\springframework\spring-web\4.3.12.RELEASE\spring-web-4.3.12.RELEASE.jar;C:\Users\sotol\.m2\repository\org\springframework\spring-aop\4.3.12.RELEASE\spring-aop-4.3.12.RELEASE.jar;C:\Users\sotol\.m2\repository\org\springframework\spring-beans\4.3.12.RELEASE\spring-beans-4.3.12.RELEASE.jar;C:\Users\sotol\.m2\repository\org\springframework\spring-webmvc\4.3.12.RELEASE\spring-webmvc-4.3.12.RELEASE.jar;C:\Users\sotol\.m2\repository\org\springframework\spring-expression\4.3.12.RELEASE\spring-expression-4.3.12.RELEASE.jar;C:\Users\sotol\.m2\repository\org\springframework\boot\spring-boot-starter-test\1.5.8.RELEASE\spring-boot-starter-test-1.5.8.RELEASE.jar;C:\Users\sotol\.m2\repository\org\springframework\boot\spring-boot-test\1.5.8.RELEASE\spring-boot-test-1.5.8.RELEASE.jar;C:\Users\sotol\.m2\repository\org\springframework\boot\spring-boot-test-autoconfigure\1.5.8.RELEASE\spring-boot-test-autoconfigure-1.5.8.RELEASE.jar;C:\Users\sotol\.m2\repository\com\jayway\jsonpath\json-path\2.2.0\json-path-2.2.0.jar;C:\Users\sotol\.m2\repository\net\minidev\json-smart\2.2.1\json-smart-2.2.1.jar;C:\Users\sotol\.m2\repository\net\minidev\accessors-smart\1.1\accessors-smart-1.1.jar;C:\Users\sotol\.m2\repository\org\ow2\asm\asm\5.0.3\asm-5.0.3.jar;C:\Users\sotol\.m2\repository\junit\junit\4.12\junit-4.12.jar;C:\Users\sotol\.m2\repository\org\assertj\assertj-core\2.6.0\assertj-core-2.6.0.jar;C:\Users\sotol\.m2\repository\org\mockito\mockito-core\1.10.19\mockito-core-1.10.19.jar;C:\Users\sotol\.m2\repository\org\objenesis\objenesis\2.1\objenesis-2.1.jar;C:\Users\sotol\.m2\repository\org\hamcrest\hamcrest-core\1.3\hamcrest-core-1.3.jar;C:\Users\sotol\.m2\repository\org\hamcrest\hamcrest-library\1.3\hamcrest-library-1.3.jar;C:\Users\sotol\.m2\repository\org\skyscreamer\jsonassert\1.4.0\jsonassert-1.4.0.jar;C:\Users\sotol\.m2\repository\com\vaadin\external\google\android-json\0.0.20131108.vaadin1\android-json-0.0.20131108.vaadin1.jar;C:\Users\sotol\.m2\repository\org\springframework\spring-core\4.3.12.RELEASE\spring-core-4.3.12.RELEASE.jar;C:\Users\sotol\.m2\repository\org\springframework\spring-test\4.3.12.RELEASE\spring-test-4.3.12.RELEASE.jar;C:\Users\sotol\.m2\repository\de\flapdoodle\embed\de.flapdoodle.embed.mongo\1.50.5\de.flapdoodle.embed.mongo-1.50.5.jar;C:\Users\sotol\.m2\repository\de\flapdoodle\embed\de.flapdoodle.embed.process\1.50.2\de.flapdoodle.embed.process-1.50.2.jar;C:\Users\sotol\.m2\repository\commons-io\commons-io\2.4\commons-io-2.4.jar;C:\Users\sotol\.m2\repository\org\apache\commons\commons-lang3\3.1\commons-lang3-3.1.jar;C:\Users\sotol\.m2\repository\net\java\dev\jna\jna\4.2.2\jna-4.2.2.jar;C:\Users\sotol\.m2\repository\net\java\dev\jna\jna-platform\4.2.2\jna-platform-4.2.2.jar;C:\Users\sotol\.m2\repository\org\apache\commons\commons-compress\1.10\commons-compress-1.10.jar;C:\Users\sotol\.m2\repository\org\powermock\powermock-api-mockito\1.7.1\powermock-api-mockito-1.7.1.jar;C:\Users\sotol\.m2\repository\org\powermock\powermock-api-mockito-common\1.7.1\powermock-api-mockito-common-1.7.1.jar;C:\Users\sotol\.m2\repository\org\powermock\powermock-module-junit4\1.7.1\powermock-module-junit4-1.7.1.jar;C:\Users\sotol\.m2\repository\org\powermock\powermock-module-junit4-common\1.7.1\powermock-module-junit4-common-1.7.1.jar;C:\Users\sotol\.m2\repository\org\powermock\powermock-reflect\1.7.1\powermock-reflect-1.7.1.jar;C:\Users\sotol\.m2\repository\org\powermock\powermock-core\1.7.1\powermock-core-1.7.1.jar;C:\Users\sotol\.m2\repository\org\javassist\javassist\3.21.0-GA\javassist-3.21.0-GA.jar;C:\Users\sotol\.m2\repository\org\powermock\powermock-api-easymock\1.7.1\powermock-api-easymock-1.7.1.jar;C:\Users\sotol\.m2\repository\org\powermock\powermock-api-support\1.7.1\powermock-api-support-1.7.1.jar;C:\Users\sotol\.m2\repository\cglib\cglib-nodep\2.2.2\cglib-nodep-2.2.2.jar;C:\Users\sotol\.m2\repository\org\meanbean\meanbean\2.0.3\meanbean-2.0.3.jar;C:\Users\sotol\.m2\repository\commons-logging\commons-logging\1.1.1\commons-logging-1.1.1.jar;C:\Users\sotol\.m2\repository\cz\jirutka\spring\embedmongo-spring\1.3.0\embedmongo-spring-1.3.0.jar;C:\Users\sotol\.m2\repository\org\mongodb\mongo-java-driver\3.4.3\mongo-java-driver-3.4.3.jar;C:\Users\sotol\.m2\repository\org\slf4j\slf4j-api\1.7.25\slf4j-api-1.7.25.jar;, java.specification.name=Java Platform API Specification, java.class.version=52.0, sun.management.compiler=HotSpot 64-Bit Tiered Compilers, os.version=10.0, user.home=C:\Users\sotol, user.timezone=America/Buenos_Aires, java.awt.printerjob=sun.awt.windows.WPrinterJob, file.encoding=Cp1252, java.specification.version=1.8, java.class.path=M:\downloadedTools\workspace\BikesRental\target\test-classes;M:\downloadedTools\workspace\BikesRental\target\classes;C:\Users\sotol\.m2\repository\org\springframework\boot\spring-boot-starter-actuator\1.5.8.RELEASE\spring-boot-starter-actuator-1.5.8.RELEASE.jar;C:\Users\sotol\.m2\repository\org\springframework\boot\spring-boot-starter\1.5.8.RELEASE\spring-boot-starter-1.5.8.RELEASE.jar;C:\Users\sotol\.m2\repository\org\springframework\boot\spring-boot\1.5.8.RELEASE\spring-boot-1.5.8.RELEASE.jar;C:\Users\sotol\.m2\repository\org\springframework\boot\spring-boot-autoconfigure\1.5.8.RELEASE\spring-boot-autoconfigure-1.5.8.RELEASE.jar;C:\Users\sotol\.m2\repository\org\springframework\boot\spring-boot-starter-logging\1.5.8.RELEASE\spring-boot-starter-logging-1.5.8.RELEASE.jar;C:\Users\sotol\.m2\repository\ch\qos\logback\logback-classic\1.1.11\logback-classic-1.1.11.jar;C:\Users\sotol\.m2\repository\ch\qos\logback\logback-core\1.1.11\logback-core-1.1.11.jar;C:\Users\sotol\.m2\repository\org\slf4j\jcl-over-slf4j\1.7.25\jcl-over-slf4j-1.7.25.jar;C:\Users\sotol\.m2\repository\org\slf4j\jul-to-slf4j\1.7.25\jul-to-slf4j-1.7.25.jar;C:\Users\sotol\.m2\repository\org\slf4j\log4j-over-slf4j\1.7.25\log4j-over-slf4j-1.7.25.jar;C:\Users\sotol\.m2\repository\org\yaml\snakeyaml\1.17\snakeyaml-1.17.jar;C:\Users\sotol\.m2\repository\org\springframework\boot\spring-boot-actuator\1.5.8.RELEASE\spring-boot-actuator-1.5.8.RELEASE.jar;C:\Users\sotol\.m2\repository\org\springframework\spring-context\4.3.12.RELEASE\spring-context-4.3.12.RELEASE.jar;C:\Users\sotol\.m2\repository\org\springframework\boot\spring-boot-starter-web\1.5.8.RELEASE\spring-boot-starter-web-1.5.8.RELEASE.jar;C:\Users\sotol\.m2\repository\org\springframework\boot\spring-boot-starter-tomcat\1.5.8.RELEASE\spring-boot-starter-tomcat-1.5.8.RELEASE.jar;C:\Users\sotol\.m2\repository\org\apache\tomcat\embed\tomcat-embed-core\8.5.23\tomcat-embed-core-8.5.23.jar;C:\Users\sotol\.m2\repository\org\apache\tomcat\tomcat-annotations-api\8.5.23\tomcat-annotations-api-8.5.23.jar;C:\Users\sotol\.m2\repository\org\apache\tomcat\embed\tomcat-embed-el\8.5.23\tomcat-embed-el-8.5.23.jar;C:\Users\sotol\.m2\repository\org\apache\tomcat\embed\tomcat-embed-websocket\8.5.23\tomcat-embed-websocket-8.5.23.jar;C:\Users\sotol\.m2\repository\org\hibernate\hibernate-validator\5.3.5.Final\hibernate-validator-5.3.5.Final.jar;C:\Users\sotol\.m2\repository\javax\validation\validation-api\1.1.0.Final\validation-api-1.1.0.Final.jar;C:\Users\sotol\.m2\repository\org\jboss\logging\jboss-logging\3.3.1.Final\jboss-logging-3.3.1.Final.jar;C:\Users\sotol\.m2\repository\com\fasterxml\classmate\1.3.4\classmate-1.3.4.jar;C:\Users\sotol\.m2\repository\com\fasterxml\jackson\core\jackson-databind\2.8.10\jackson-databind-2.8.10.jar;C:\Users\sotol\.m2\repository\com\fasterxml\jackson\core\jackson-annotations\2.8.0\jackson-annotations-2.8.0.jar;C:\Users\sotol\.m2\repository\com\fasterxml\jackson\core\jackson-core\2.8.10\jackson-core-2.8.10.jar;C:\Users\sotol\.m2\repository\org\springframework\spring-web\4.3.12.RELEASE\spring-web-4.3.12.RELEASE.jar;C:\Users\sotol\.m2\repository\org\springframework\spring-aop\4.3.12.RELEASE\spring-aop-4.3.12.RELEASE.jar;C:\Users\sotol\.m2\repository\org\springframework\spring-beans\4.3.12.RELEASE\spring-beans-4.3.12.RELEASE.jar;C:\Users\sotol\.m2\repository\org\springframework\spring-webmvc\4.3.12.RELEASE\spring-webmvc-4.3.12.RELEASE.jar;C:\Users\sotol\.m2\repository\org\springframework\spring-expression\4.3.12.RELEASE\spring-expression-4.3.12.RELEASE.jar;C:\Users\sotol\.m2\repository\org\springframework\boot\spring-boot-starter-test\1.5.8.RELEASE\spring-boot-starter-test-1.5.8.RELEASE.jar;C:\Users\sotol\.m2\repository\org\springframework\boot\spring-boot-test\1.5.8.RELEASE\spring-boot-test-1.5.8.RELEASE.jar;C:\Users\sotol\.m2\repository\org\springframework\boot\spring-boot-test-autoconfigure\1.5.8.RELEASE\spring-boot-test-autoconfigure-1.5.8.RELEASE.jar;C:\Users\sotol\.m2\repository\com\jayway\jsonpath\json-path\2.2.0\json-path-2.2.0.jar;C:\Users\sotol\.m2\repository\net\minidev\json-smart\2.2.1\json-smart-2.2.1.jar;C:\Users\sotol\.m2\repository\net\minidev\accessors-smart\1.1\accessors-smart-1.1.jar;C:\Users\sotol\.m2\repository\org\ow2\asm\asm\5.0.3\asm-5.0.3.jar;C:\Users\sotol\.m2\repository\junit\junit\4.12\junit-4.12.jar;C:\Users\sotol\.m2\repository\org\assertj\assertj-core\2.6.0\assertj-core-2.6.0.jar;C:\Users\sotol\.m2\repository\org\mockito\mockito-core\1.10.19\mockito-core-1.10.19.jar;C:\Users\sotol\.m2\repository\org\objenesis\objenesis\2.1\objenesis-2.1.jar;C:\Users\sotol\.m2\repository\org\hamcrest\hamcrest-core\1.3\hamcrest-core-1.3.jar;C:\Users\sotol\.m2\repository\org\hamcrest\hamcrest-library\1.3\hamcrest-library-1.3.jar;C:\Users\sotol\.m2\repository\org\skyscreamer\jsonassert\1.4.0\jsonassert-1.4.0.jar;C:\Users\sotol\.m2\repository\com\vaadin\external\google\android-json\0.0.20131108.vaadin1\android-json-0.0.20131108.vaadin1.jar;C:\Users\sotol\.m2\repository\org\springframework\spring-core\4.3.12.RELEASE\spring-core-4.3.12.RELEASE.jar;C:\Users\sotol\.m2\repository\org\springframework\spring-test\4.3.12.RELEASE\spring-test-4.3.12.RELEASE.jar;C:\Users\sotol\.m2\repository\de\flapdoodle\embed\de.flapdoodle.embed.mongo\1.50.5\de.flapdoodle.embed.mongo-1.50.5.jar;C:\Users\sotol\.m2\repository\de\flapdoodle\embed\de.flapdoodle.embed.process\1.50.2\de.flapdoodle.embed.process-1.50.2.jar;C:\Users\sotol\.m2\repository\commons-io\commons-io\2.4\commons-io-2.4.jar;C:\Users\sotol\.m2\repository\org\apache\commons\commons-lang3\3.1\commons-lang3-3.1.jar;C:\Users\sotol\.m2\repository\net\java\dev\jna\jna\4.2.2\jna-4.2.2.jar;C:\Users\sotol\.m2\repository\net\java\dev\jna\jna-platform\4.2.2\jna-platform-4.2.2.jar;C:\Users\sotol\.m2\repository\org\apache\commons\commons-compress\1.10\commons-compress-1.10.jar;C:\Users\sotol\.m2\repository\org\powermock\powermock-api-mockito\1.7.1\powermock-api-mockito-1.7.1.jar;C:\Users\sotol\.m2\repository\org\powermock\powermock-api-mockito-common\1.7.1\powermock-api-mockito-common-1.7.1.jar;C:\Users\sotol\.m2\repository\org\powermock\powermock-module-junit4\1.7.1\powermock-module-junit4-1.7.1.jar;C:\Users\sotol\.m2\repository\org\powermock\powermock-module-junit4-common\1.7.1\powermock-module-junit4-common-1.7.1.jar;C:\Users\sotol\.m2\repository\org\powermock\powermock-reflect\1.7.1\powermock-reflect-1.7.1.jar;C:\Users\sotol\.m2\repository\org\powermock\powermock-core\1.7.1\powermock-core-1.7.1.jar;C:\Users\sotol\.m2\repository\org\javassist\javassist\3.21.0-GA\javassist-3.21.0-GA.jar;C:\Users\sotol\.m2\repository\org\powermock\powermock-api-easymock\1.7.1\powermock-api-easymock-1.7.1.jar;C:\Users\sotol\.m2\repository\org\powermock\powermock-api-support\1.7.1\powermock-api-support-1.7.1.jar;C:\Users\sotol\.m2\repository\cglib\cglib-nodep\2.2.2\cglib-nodep-2.2.2.jar;C:\Users\sotol\.m2\repository\org\meanbean\meanbean\2.0.3\meanbean-2.0.3.jar;C:\Users\sotol\.m2\repository\commons-logging\commons-logging\1.1.1\commons-logging-1.1.1.jar;C:\Users\sotol\.m2\repository\cz\jirutka\spring\embedmongo-spring\1.3.0\embedmongo-spring-1.3.0.jar;C:\Users\sotol\.m2\repository\org\mongodb\mongo-java-driver\3.4.3\mongo-java-driver-3.4.3.jar;C:\Users\sotol\.m2\repository\org\slf4j\slf4j-api\1.7.25\slf4j-api-1.7.25.jar;, user.name=sotol, java.vm.specification.version=1.8, sun.java.command=M:\downloadedTools\workspace\BikesRental\target\surefire\surefirebooter2936575285836931869.jar M:\downloadedTools\workspace\BikesRental\target\surefire\surefire7759422769839253337tmp M:\downloadedTools\workspace\BikesRental\target\surefire\surefire_02765175815858195830tmp, java.home=C:\Program Files\Java\jdk1.8.0_191\jre, sun.arch.data.model=64, user.language=en, java.specification.vendor=Oracle Corporation, awt.toolkit=sun.awt.windows.WToolkit, java.vm.info=mixed mode, java.version=1.8.0_191, java.ext.dirs=C:\Program Files\Java\jdk1.8.0_191\jre\lib\ext;C:\WINDOWS\Sun\Java\lib\ext, sun.boot.class.path=C:\Program Files\Java\jdk1.8.0_191\jre\lib\resources.jar;C:\Program Files\Java\jdk1.8.0_191\jre\lib\rt.jar;C:\Program Files\Java\jdk1.8.0_191\jre\lib\sunrsasign.jar;C:\Program Files\Java\jdk1.8.0_191\jre\lib\jsse.jar;C:\Program Files\Java\jdk1.8.0_191\jre\lib\jce.jar;C:\Program Files\Java\jdk1.8.0_191\jre\lib\charsets.jar;C:\Program Files\Java\jdk1.8.0_191\jre\lib\jfr.jar;C:\Program Files\Java\jdk1.8.0_191\jre\classes, java.vendor=Oracle Corporation, localRepository=C:\Users\sotol\.m2\repository, file.separator=\, java.vendor.url.bug=http://bugreport.sun.com/bugreport/, sun.io.unicode.encoding=UnicodeLittle, sun.cpu.endian=little, sun.desktop=windows, sun.cpu.isalist=amd64}}, SystemEnvironmentPropertySource@1412925683 {name='systemEnvironment', properties={PATH=C:/Program Files/Java/jre1.8.0_191/bin/server;C:/Program Files/Java/jre1.8.0_191/bin;C:/Program Files/Java/jre1.8.0_191/lib/amd64;C:\Program Files (x86)\Common Files\Oracle\Java\javapath;C:\Program Files (x86)\Intel\iCLS Client\;C:\Program Files\Intel\iCLS Client\;C:\Windows\system32;C:\Windows;C:\Windows\System32\Wbem;C:\Windows\System32\WindowsPowerShell\v1.0\;C:\Program Files (x86)\NVIDIA Corporation\PhysX\Common;C:\Program Files (x86)\Intel\Intel(R) Management Engine Components\DAL;C:\Program Files\Intel\Intel(R) Management Engine Components\DAL;C:\Program Files (x86)\Intel\Intel(R) Management Engine Components\IPT;C:\Program Files\Intel\Intel(R) Management Engine Components\IPT;C:\Program Files\Intel\WiFi\bin\;C:\Program Files\Common Files\Intel\WirelessCommon\;C:\WINDOWS\system32;C:\WINDOWS;C:\WINDOWS\System32\Wbem;C:\WINDOWS\System32\WindowsPowerShell\v1.0\;C:\WINDOWS\System32\OpenSSH\;%JAVA_HOME%\bin;%M2_HOME%\bin;M:\downloadedTools\nodejs\;C:\Users\sotol\AppData\Local\Microsoft\WindowsApps;C:\Users\sotol\AppData\Roaming\npm;M:\downloadedTools\sts-bundle\sts-3.9.6.RELEASE;, USERDOMAIN_ROAMINGPROFILE=MSI, LOCALAPPDATA=C:\Users\sotol\AppData\Local, PROCESSOR_LEVEL=6, SYSTEMDRIVE=C:, COMMONPROGRAMFILES(X86)=C:\Program Files (x86)\Common Files, USERDOMAIN=MSI, FPS_BROWSER_APP_PROFILE_STRING=Internet Explorer, LOGONSERVER=\\MSI, JAVA_HOME=C:\Program Files\Java\jdk1.8.0_191, PROMPT=$P$G, SESSIONNAME=Console, =M:=M:\downloadedTools\workspace\BikesRental, ALLUSERSPROFILE=C:\ProgramData, PROGRAMFILES(X86)=C:\Program Files (x86), PROCESSOR_ARCHITECTURE=AMD64, DRIVERDATA=C:\Windows\System32\Drivers\DriverData, PROGRAMFILES=C:\Program Files, =C:=C:\, APPDATA=C:\Users\sotol\AppData\Roaming, PSMODULEPATH=C:\Program Files\WindowsPowerShell\Modules;C:\WINDOWS\system32\WindowsPowerShell\v1.0\Modules, PROGRAMW6432=C:\Program Files, PROGRAMDATA=C:\ProgramData, SYSTEMROOT=C:\WINDOWS, USERNAME=sotol, FPS_BROWSER_USER_PROFILE_STRING=Default, ONEDRIVE=C:\Users\sotol\OneDrive, CONFIGSETROOT=C:\WINDOWS\ConfigSetRoot, PATHEXT=.COM;.EXE;.BAT;.CMD;.VBS;.VBE;.JS;.JSE;.WSF;.WSH;.MSC, OS=Windows_NT, COMMONPROGRAMW6432=C:\Program Files\Common Files, COMPUTERNAME=MSI, COMMONPROGRAMFILES=C:\Program Files\Common Files, COMSPEC=C:\WINDOWS\system32\cmd.exe, PROCESSOR_REVISION=9e09, WINDIR=C:\WINDOWS, HOMEPATH=\Users\sotol, TEMP=C:\Users\sotol\AppData\Local\Temp, HOMEDRIVE=C:, PROCESSOR_IDENTIFIER=Intel64 Family 6 Model 158 Stepping 9, GenuineIntel, USERPROFILE=C:\Users\sotol, TMP=C:\Users\sotol\AppData\Local\Temp, M2_HOME=M:\downloadedTools\apache-maven-3.6.0, PUBLIC=C:\Users\Public, NUMBER_OF_PROCESSORS=4, =::=::\}}]
19:14:36.292 [main] DEBUG org.springframework.core.io.support.PathMatchingResourcePatternResolver - Resolved classpath location [com/example/fdv/bikes/] to resources [URL [file:/M:/downloadedTools/workspace/BikesRental/target/test-classes/com/example/fdv/bikes/]]
19:14:36.293 [main] DEBUG org.springframework.core.io.support.PathMatchingResourcePatternResolver - Looking for matching resources in directory tree [M:\downloadedTools\workspace\BikesRental\target\test-classes\com\example\fdv\bikes]
19:14:36.293 [main] DEBUG org.springframework.core.io.support.PathMatchingResourcePatternResolver - Searching directory [M:\downloadedTools\workspace\BikesRental\target\test-classes\com\example\fdv\bikes] for files matching pattern [M:/downloadedTools/workspace/BikesRental/target/test-classes/com/example/fdv/bikes/*.class]
19:14:36.297 [main] DEBUG org.springframework.core.io.support.PathMatchingResourcePatternResolver - Resolved location pattern [classpath*:com/example/fdv/bikes/*.class] to resources [file [M:\downloadedTools\workspace\BikesRental\target\test-classes\com\example\fdv\bikes\BikePackageServiceTest.class], file [M:\downloadedTools\workspace\BikesRental\target\test-classes\com\example\fdv\bikes\BikePackageTest.class], file [M:\downloadedTools\workspace\BikesRental\target\test-classes\com\example\fdv\bikes\BikesRentalApplicationTests.class], file [M:\downloadedTools\workspace\BikesRental\target\test-classes\com\example\fdv\bikes\BikeTest.class]]
19:14:36.314 [main] DEBUG org.springframework.core.io.support.PathMatchingResourcePatternResolver - Resolved classpath location [com/example/fdv/] to resources [URL [file:/M:/downloadedTools/workspace/BikesRental/target/test-classes/com/example/fdv/]]
19:14:36.315 [main] DEBUG org.springframework.core.io.support.PathMatchingResourcePatternResolver - Looking for matching resources in directory tree [M:\downloadedTools\workspace\BikesRental\target\test-classes\com\example\fdv]
19:14:36.315 [main] DEBUG org.springframework.core.io.support.PathMatchingResourcePatternResolver - Searching directory [M:\downloadedTools\workspace\BikesRental\target\test-classes\com\example\fdv] for files matching pattern [M:/downloadedTools/workspace/BikesRental/target/test-classes/com/example/fdv/*.class]
19:14:36.315 [main] DEBUG org.springframework.core.io.support.PathMatchingResourcePatternResolver - Resolved location pattern [classpath*:com/example/fdv/*.class] to resources []
19:14:36.316 [main] DEBUG org.springframework.core.io.support.PathMatchingResourcePatternResolver - Resolved classpath location [com/example/] to resources [URL [file:/M:/downloadedTools/workspace/BikesRental/target/test-classes/com/example/]]
19:14:36.316 [main] DEBUG org.springframework.core.io.support.PathMatchingResourcePatternResolver - Looking for matching resources in directory tree [M:\downloadedTools\workspace\BikesRental\target\test-classes\com\example]
19:14:36.316 [main] DEBUG org.springframework.core.io.support.PathMatchingResourcePatternResolver - Searching directory [M:\downloadedTools\workspace\BikesRental\target\test-classes\com\example] for files matching pattern [M:/downloadedTools/workspace/BikesRental/target/test-classes/com/example/*.class]
19:14:36.317 [main] DEBUG org.springframework.core.io.support.PathMatchingResourcePatternResolver - Resolved location pattern [classpath*:com/example/*.class] to resources []
19:14:36.318 [main] DEBUG org.springframework.core.io.support.PathMatchingResourcePatternResolver - Resolved classpath location [com/] to resources [URL [file:/M:/downloadedTools/workspace/BikesRental/target/test-classes/com/], URL [file:/M:/downloadedTools/workspace/BikesRental/target/classes/com/], URL [jar:file:/C:/Users/sotol/.m2/repository/com/fasterxml/classmate/1.3.4/classmate-1.3.4.jar!/com/], URL [jar:file:/C:/Users/sotol/.m2/repository/com/fasterxml/jackson/core/jackson-databind/2.8.10/jackson-databind-2.8.10.jar!/com/], URL [jar:file:/C:/Users/sotol/.m2/repository/com/fasterxml/jackson/core/jackson-annotations/2.8.0/jackson-annotations-2.8.0.jar!/com/], URL [jar:file:/C:/Users/sotol/.m2/repository/com/fasterxml/jackson/core/jackson-core/2.8.10/jackson-core-2.8.10.jar!/com/], URL [jar:file:/C:/Users/sotol/.m2/repository/com/jayway/jsonpath/json-path/2.2.0/json-path-2.2.0.jar!/com/], URL [jar:file:/C:/Users/sotol/.m2/repository/net/java/dev/jna/jna/4.2.2/jna-4.2.2.jar!/com/], URL [jar:file:/C:/Users/sotol/.m2/repository/net/java/dev/jna/jna-platform/4.2.2/jna-platform-4.2.2.jar!/com/], URL [jar:file:/C:/Users/sotol/.m2/repository/org/mongodb/mongo-java-driver/3.4.3/mongo-java-driver-3.4.3.jar!/com/]]
19:14:36.318 [main] DEBUG org.springframework.core.io.support.PathMatchingResourcePatternResolver - Looking for matching resources in directory tree [M:\downloadedTools\workspace\BikesRental\target\test-classes\com]
19:14:36.318 [main] DEBUG org.springframework.core.io.support.PathMatchingResourcePatternResolver - Searching directory [M:\downloadedTools\workspace\BikesRental\target\test-classes\com] for files matching pattern [M:/downloadedTools/workspace/BikesRental/target/test-classes/com/*.class]
19:14:36.318 [main] DEBUG org.springframework.core.io.support.PathMatchingResourcePatternResolver - Looking for matching resources in directory tree [M:\downloadedTools\workspace\BikesRental\target\classes\com]
19:14:36.319 [main] DEBUG org.springframework.core.io.support.PathMatchingResourcePatternResolver - Searching directory [M:\downloadedTools\workspace\BikesRental\target\classes\com] for files matching pattern [M:/downloadedTools/workspace/BikesRental/target/classes/com/*.class]
19:14:36.319 [main] DEBUG org.springframework.core.io.support.PathMatchingResourcePatternResolver - Looking for matching resources in jar file [file:/C:/Users/sotol/.m2/repository/com/fasterxml/classmate/1.3.4/classmate-1.3.4.jar]
19:14:36.321 [main] DEBUG org.springframework.core.io.support.PathMatchingResourcePatternResolver - Looking for matching resources in jar file [file:/C:/Users/sotol/.m2/repository/com/fasterxml/jackson/core/jackson-databind/2.8.10/jackson-databind-2.8.10.jar]
19:14:36.333 [main] DEBUG org.springframework.core.io.support.PathMatchingResourcePatternResolver - Looking for matching resources in jar file [file:/C:/Users/sotol/.m2/repository/com/fasterxml/jackson/core/jackson-annotations/2.8.0/jackson-annotations-2.8.0.jar]
19:14:36.333 [main] DEBUG org.springframework.core.io.support.PathMatchingResourcePatternResolver - Looking for matching resources in jar file [file:/C:/Users/sotol/.m2/repository/com/fasterxml/jackson/core/jackson-core/2.8.10/jackson-core-2.8.10.jar]
19:14:36.334 [main] DEBUG org.springframework.core.io.support.PathMatchingResourcePatternResolver - Looking for matching resources in jar file [file:/C:/Users/sotol/.m2/repository/com/jayway/jsonpath/json-path/2.2.0/json-path-2.2.0.jar]
19:14:36.337 [main] DEBUG org.springframework.core.io.support.PathMatchingResourcePatternResolver - Looking for matching resources in jar file [file:/C:/Users/sotol/.m2/repository/net/java/dev/jna/jna/4.2.2/jna-4.2.2.jar]
19:14:36.340 [main] DEBUG org.springframework.core.io.support.PathMatchingResourcePatternResolver - Looking for matching resources in jar file [file:/C:/Users/sotol/.m2/repository/net/java/dev/jna/jna-platform/4.2.2/jna-platform-4.2.2.jar]
19:14:36.348 [main] DEBUG org.springframework.core.io.support.PathMatchingResourcePatternResolver - Looking for matching resources in jar file [file:/C:/Users/sotol/.m2/repository/org/mongodb/mongo-java-driver/3.4.3/mongo-java-driver-3.4.3.jar]
19:14:36.353 [main] DEBUG org.springframework.core.io.support.PathMatchingResourcePatternResolver - Resolved location pattern [classpath*:com/*.class] to resources []
19:14:36.357 [main] DEBUG org.springframework.test.annotation.ProfileValueUtils - Retrieved @ProfileValueSourceConfiguration [null] for test class [com.example.fdv.bikes.BikePackageServiceTest]
19:14:36.358 [main] DEBUG org.springframework.test.annotation.ProfileValueUtils - Retrieved ProfileValueSource type [class org.springframework.test.annotation.SystemProfileValueSource] for class [com.example.fdv.bikes.BikePackageServiceTest]
19:14:36.361 [main] DEBUG org.springframework.test.context.junit4.SpringJUnit4ClassRunner - SpringJUnit4ClassRunner constructor called with [class com.example.fdv.bikes.BikePackageServiceTest]
19:14:36.361 [main] DEBUG org.springframework.test.context.BootstrapUtils - Instantiating CacheAwareContextLoaderDelegate from class [org.springframework.test.context.cache.DefaultCacheAwareContextLoaderDelegate]
19:14:36.361 [main] DEBUG org.springframework.test.context.BootstrapUtils - Instantiating BootstrapContext using constructor [public org.springframework.test.context.support.DefaultBootstrapContext(java.lang.Class,org.springframework.test.context.CacheAwareContextLoaderDelegate)]
19:14:36.362 [main] DEBUG org.springframework.test.context.BootstrapUtils - Instantiating TestContextBootstrapper for test class [com.example.fdv.bikes.BikePackageServiceTest] from class [org.springframework.test.context.support.DefaultTestContextBootstrapper]
19:14:36.362 [main] INFO org.springframework.test.context.support.DefaultTestContextBootstrapper - Neither @ContextConfiguration nor @ContextHierarchy found for test class [com.example.fdv.bikes.BikePackageServiceTest], using DelegatingSmartContextLoader
19:14:36.362 [main] DEBUG org.springframework.test.context.support.AbstractDelegatingSmartContextLoader - Delegating to GenericXmlContextLoader to process context configuration [ContextConfigurationAttributes@6a396c1e declaringClass = 'com.example.fdv.bikes.BikePackageServiceTest', classes = '{}', locations = '{}', inheritLocations = false, initializers = '{}', inheritInitializers = true, name = [null], contextLoaderClass = 'org.springframework.test.context.ContextLoader'].
19:14:36.363 [main] DEBUG org.springframework.test.context.support.AbstractContextLoader - Did not detect default resource location for test class [com.example.fdv.bikes.BikePackageServiceTest]: class path resource [com/example/fdv/bikes/BikePackageServiceTest-context.xml] does not exist
19:14:36.363 [main] INFO org.springframework.test.context.support.AbstractContextLoader - Could not detect default resource locations for test class [com.example.fdv.bikes.BikePackageServiceTest]: no resource found for suffixes {-context.xml}.
19:14:36.364 [main] DEBUG org.springframework.test.context.support.AbstractDelegatingSmartContextLoader - Delegating to AnnotationConfigContextLoader to process context configuration [ContextConfigurationAttributes@6a396c1e declaringClass = 'com.example.fdv.bikes.BikePackageServiceTest', classes = '{}', locations = '{}', inheritLocations = false, initializers = '{}', inheritInitializers = true, name = [null], contextLoaderClass = 'org.springframework.test.context.ContextLoader'].
19:14:36.364 [main] INFO org.springframework.test.context.support.AnnotationConfigContextLoaderUtils - Could not detect default configuration classes for test class [com.example.fdv.bikes.BikePackageServiceTest]: BikePackageServiceTest does not declare any static, non-private, non-final, nested classes annotated with @Configuration.
19:14:36.370 [main] DEBUG org.springframework.test.context.support.ActiveProfilesUtils - Could not find an 'annotation declaring class' for annotation type [org.springframework.test.context.ActiveProfiles] and class [com.example.fdv.bikes.BikePackageServiceTest]
19:14:36.370 [main] DEBUG org.springframework.test.context.support.DefaultTestContextBootstrapper - @TestExecutionListeners is not present for class [com.example.fdv.bikes.BikePackageServiceTest]: using defaults.
19:14:36.373 [main] INFO org.springframework.test.context.support.DefaultTestContextBootstrapper - Loaded default TestExecutionListener class names from location [META-INF/spring.factories]: [org.springframework.boot.test.mock.mockito.MockitoTestExecutionListener, org.springframework.boot.test.mock.mockito.ResetMocksTestExecutionListener, org.springframework.boot.test.autoconfigure.restdocs.RestDocsTestExecutionListener, org.springframework.boot.test.autoconfigure.web.client.MockRestServiceServerResetTestExecutionListener, org.springframework.boot.test.autoconfigure.web.servlet.MockMvcPrintOnlyOnFailureTestExecutionListener, org.springframework.boot.test.autoconfigure.web.servlet.WebDriverTestExecutionListener, org.springframework.test.context.web.ServletTestExecutionListener, org.springframework.test.context.support.DirtiesContextBeforeModesTestExecutionListener, org.springframework.test.context.support.DependencyInjectionTestExecutionListener, org.springframework.test.context.support.DirtiesContextTestExecutionListener, org.springframework.test.context.transaction.TransactionalTestExecutionListener, org.springframework.test.context.jdbc.SqlScriptsTestExecutionListener]
19:14:36.374 [main] INFO org.springframework.test.context.support.DefaultTestContextBootstrapper - Could not instantiate TestExecutionListener [org.springframework.test.context.jdbc.SqlScriptsTestExecutionListener]. Specify custom listener classes or make the default listener classes (and their required dependencies) available. Offending class: [org/springframework/transaction/interceptor/TransactionAttribute]
19:14:36.374 [main] INFO org.springframework.test.context.support.DefaultTestContextBootstrapper - Could not instantiate TestExecutionListener [org.springframework.test.context.transaction.TransactionalTestExecutionListener]. Specify custom listener classes or make the default listener classes (and their required dependencies) available. Offending class: [org/springframework/transaction/interceptor/TransactionAttributeSource]
19:14:36.375 [main] INFO org.springframework.test.context.support.DefaultTestContextBootstrapper - Using TestExecutionListeners: [org.springframework.test.context.web.ServletTestExecutionListener@70b0b186, org.springframework.test.context.support.DirtiesContextBeforeModesTestExecutionListener@ba8d91c, org.springframework.test.context.support.DependencyInjectionTestExecutionListener@7364985f, org.springframework.test.context.support.DirtiesContextTestExecutionListener@5d20e46, org.springframework.boot.test.autoconfigure.web.client.MockRestServiceServerResetTestExecutionListener@709ba3fb, org.springframework.boot.test.autoconfigure.web.servlet.WebDriverTestExecutionListener@3d36e4cd, org.springframework.boot.test.autoconfigure.web.servlet.MockMvcPrintOnlyOnFailureTestExecutionListener@6a472554, org.springframework.boot.test.autoconfigure.restdocs.RestDocsTestExecutionListener@7ff2a664, org.springframework.boot.test.mock.mockito.ResetMocksTestExecutionListener@525b461a, org.springframework.boot.test.mock.mockito.MockitoTestExecutionListener@58c1c010]
19:14:36.375 [main] DEBUG org.springframework.test.annotation.ProfileValueUtils - Retrieved @ProfileValueSourceConfiguration [null] for test class [com.example.fdv.bikes.BikePackageServiceTest]
19:14:36.376 [main] DEBUG org.springframework.test.annotation.ProfileValueUtils - Retrieved ProfileValueSource type [class org.springframework.test.annotation.SystemProfileValueSource] for class [com.example.fdv.bikes.BikePackageServiceTest]
19:14:36.376 [main] DEBUG org.springframework.test.annotation.ProfileValueUtils - Retrieved @ProfileValueSourceConfiguration [null] for test class [com.example.fdv.bikes.BikePackageServiceTest]
19:14:36.377 [main] DEBUG org.springframework.test.annotation.ProfileValueUtils - Retrieved ProfileValueSource type [class org.springframework.test.annotation.SystemProfileValueSource] for class [com.example.fdv.bikes.BikePackageServiceTest]
19:14:36.378 [main] DEBUG org.springframework.test.context.support.AbstractDirtiesContextTestExecutionListener - Before test class: context [DefaultTestContext@345965f2 testClass = BikePackageServiceTest, testInstance = [null], testMethod = [null], testException = [null], mergedContextConfiguration = [MergedContextConfiguration@429bd883 testClass = BikePackageServiceTest, locations = '{}', classes = '{}', contextInitializerClasses = '[]', activeProfiles = '{}', propertySourceLocations = '{}', propertySourceProperties = '{}', contextCustomizers = set[org.springframework.boot.test.context.filter.ExcludeFilterContextCustomizer@51cdd8a, org.springframework.boot.test.json.DuplicateJsonObjectContextCustomizerFactory$DuplicateJsonObjectContextCustomizer@2d6eabae, org.springframework.boot.test.mock.mockito.MockitoContextCustomizer@0, org.springframework.boot.test.autoconfigure.properties.PropertyMappingContextCustomizer@0, org.springframework.boot.test.autoconfigure.web.servlet.WebDriverContextCustomizerFactory$Customizer@2f943d71], contextLoader = 'org.springframework.test.context.support.DelegatingSmartContextLoader', parent = [null]]], class annotated with @DirtiesContext [false] with mode [null].
19:14:36.379 [main] DEBUG org.springframework.test.annotation.ProfileValueUtils - Retrieved @ProfileValueSourceConfiguration [null] for test class [com.example.fdv.bikes.BikePackageServiceTest]
19:14:36.379 [main] DEBUG org.springframework.test.annotation.ProfileValueUtils - Retrieved ProfileValueSource type [class org.springframework.test.annotation.SystemProfileValueSource] for class [com.example.fdv.bikes.BikePackageServiceTest]
19:14:36.380 [main] DEBUG org.springframework.test.context.support.DependencyInjectionTestExecutionListener - Performing dependency injection for test context [[DefaultTestContext@345965f2 testClass = BikePackageServiceTest, testInstance = com.example.fdv.bikes.BikePackageServiceTest@731f8236, testMethod = [null], testException = [null], mergedContextConfiguration = [MergedContextConfiguration@429bd883 testClass = BikePackageServiceTest, locations = '{}', classes = '{}', contextInitializerClasses = '[]', activeProfiles = '{}', propertySourceLocations = '{}', propertySourceProperties = '{}', contextCustomizers = set[org.springframework.boot.test.context.filter.ExcludeFilterContextCustomizer@51cdd8a, org.springframework.boot.test.json.DuplicateJsonObjectContextCustomizerFactory$DuplicateJsonObjectContextCustomizer@2d6eabae, org.springframework.boot.test.mock.mockito.MockitoContextCustomizer@0, org.springframework.boot.test.autoconfigure.properties.PropertyMappingContextCustomizer@0, org.springframework.boot.test.autoconfigure.web.servlet.WebDriverContextCustomizerFactory$Customizer@2f943d71], contextLoader = 'org.springframework.test.context.support.DelegatingSmartContextLoader', parent = [null]]]].
19:14:36.380 [main] DEBUG org.springframework.test.context.support.AbstractDelegatingSmartContextLoader - Delegating to AnnotationConfigContextLoader to load context from [MergedContextConfiguration@429bd883 testClass = BikePackageServiceTest, locations = '{}', classes = '{}', contextInitializerClasses = '[]', activeProfiles = '{}', propertySourceLocations = '{}', propertySourceProperties = '{}', contextCustomizers = set[org.springframework.boot.test.context.filter.ExcludeFilterContextCustomizer@51cdd8a, org.springframework.boot.test.json.DuplicateJsonObjectContextCustomizerFactory$DuplicateJsonObjectContextCustomizer@2d6eabae, org.springframework.boot.test.mock.mockito.MockitoContextCustomizer@0, org.springframework.boot.test.autoconfigure.properties.PropertyMappingContextCustomizer@0, org.springframework.boot.test.autoconfigure.web.servlet.WebDriverContextCustomizerFactory$Customizer@2f943d71], contextLoader = 'org.springframework.test.context.support.DelegatingSmartContextLoader', parent = [null]].
19:14:36.381 [main] DEBUG org.springframework.test.context.support.AbstractGenericContextLoader - Loading ApplicationContext for merged context configuration [[MergedContextConfiguration@429bd883 testClass = BikePackageServiceTest, locations = '{}', classes = '{}', contextInitializerClasses = '[]', activeProfiles = '{}', propertySourceLocations = '{}', propertySourceProperties = '{}', contextCustomizers = set[org.springframework.boot.test.context.filter.ExcludeFilterContextCustomizer@51cdd8a, org.springframework.boot.test.json.DuplicateJsonObjectContextCustomizerFactory$DuplicateJsonObjectContextCustomizer@2d6eabae, org.springframework.boot.test.mock.mockito.MockitoContextCustomizer@0, org.springframework.boot.test.autoconfigure.properties.PropertyMappingContextCustomizer@0, org.springframework.boot.test.autoconfigure.web.servlet.WebDriverContextCustomizerFactory$Customizer@2f943d71], contextLoader = 'org.springframework.test.context.support.DelegatingSmartContextLoader', parent = [null]]].
19:14:36.406 [main] DEBUG org.springframework.core.env.StandardEnvironment - Adding PropertySource 'systemProperties' with lowest search precedence
19:14:36.406 [main] DEBUG org.springframework.core.env.StandardEnvironment - Adding PropertySource 'systemEnvironment' with lowest search precedence
19:14:36.407 [main] DEBUG org.springframework.core.env.StandardEnvironment - Initialized StandardEnvironment with PropertySources [MapPropertySource@2084663827 {name='systemProperties', properties={java.runtime.name=Java(TM) SE Runtime Environment, sun.boot.library.path=C:\Program Files\Java\jdk1.8.0_191\jre\bin, java.vm.version=25.191-b12, java.vm.vendor=Oracle Corporation, java.vendor.url=http://java.oracle.com/, path.separator=;, java.vm.name=Java HotSpot(TM) 64-Bit Server VM, file.encoding.pkg=sun.io, user.country=US, user.script=, sun.java.launcher=SUN_STANDARD, sun.os.patch.level=, java.vm.specification.name=Java Virtual Machine Specification, user.dir=M:\downloadedTools\workspace\BikesRental, java.runtime.version=1.8.0_191-b12, basedir=M:\downloadedTools\workspace\BikesRental, java.awt.graphicsenv=sun.awt.Win32GraphicsEnvironment, java.endorsed.dirs=C:\Program Files\Java\jdk1.8.0_191\jre\lib\endorsed, os.arch=amd64, surefire.real.class.path=M:\downloadedTools\workspace\BikesRental\target\surefire\surefirebooter2936575285836931869.jar, java.io.tmpdir=C:\Users\sotol\AppData\Local\Temp\, line.separator=
, java.vm.specification.vendor=Oracle Corporation, user.variant=, os.name=Windows 10, sun.jnu.encoding=Cp1252, java.library.path=C:\Program Files\Java\jdk1.8.0_191\jre\bin;C:\WINDOWS\Sun\Java\bin;C:\WINDOWS\system32;C:\WINDOWS;C:/Program Files/Java/jre1.8.0_191/bin/server;C:/Program Files/Java/jre1.8.0_191/bin;C:/Program Files/Java/jre1.8.0_191/lib/amd64;C:\Program Files (x86)\Common Files\Oracle\Java\javapath;C:\Program Files (x86)\Intel\iCLS Client\;C:\Program Files\Intel\iCLS Client\;C:\Windows\system32;C:\Windows;C:\Windows\System32\Wbem;C:\Windows\System32\WindowsPowerShell\v1.0\;C:\Program Files (x86)\NVIDIA Corporation\PhysX\Common;C:\Program Files (x86)\Intel\Intel(R) Management Engine Components\DAL;C:\Program Files\Intel\Intel(R) Management Engine Components\DAL;C:\Program Files (x86)\Intel\Intel(R) Management Engine Components\IPT;C:\Program Files\Intel\Intel(R) Management Engine Components\IPT;C:\Program Files\Intel\WiFi\bin\;C:\Program Files\Common Files\Intel\WirelessCommon\;C:\WINDOWS\system32;C:\WINDOWS;C:\WINDOWS\System32\Wbem;C:\WINDOWS\System32\WindowsPowerShell\v1.0\;C:\WINDOWS\System32\OpenSSH\;%JAVA_HOME%\bin;%M2_HOME%\bin;M:\downloadedTools\nodejs\;C:\Users\sotol\AppData\Local\Microsoft\WindowsApps;C:\Users\sotol\AppData\Roaming\npm;M:\downloadedTools\sts-bundle\sts-3.9.6.RELEASE;;., surefire.test.class.path=M:\downloadedTools\workspace\BikesRental\target\test-classes;M:\downloadedTools\workspace\BikesRental\target\classes;C:\Users\sotol\.m2\repository\org\springframework\boot\spring-boot-starter-actuator\1.5.8.RELEASE\spring-boot-starter-actuator-1.5.8.RELEASE.jar;C:\Users\sotol\.m2\repository\org\springframework\boot\spring-boot-starter\1.5.8.RELEASE\spring-boot-starter-1.5.8.RELEASE.jar;C:\Users\sotol\.m2\repository\org\springframework\boot\spring-boot\1.5.8.RELEASE\spring-boot-1.5.8.RELEASE.jar;C:\Users\sotol\.m2\repository\org\springframework\boot\spring-boot-autoconfigure\1.5.8.RELEASE\spring-boot-autoconfigure-1.5.8.RELEASE.jar;C:\Users\sotol\.m2\repository\org\springframework\boot\spring-boot-starter-logging\1.5.8.RELEASE\spring-boot-starter-logging-1.5.8.RELEASE.jar;C:\Users\sotol\.m2\repository\ch\qos\logback\logback-classic\1.1.11\logback-classic-1.1.11.jar;C:\Users\sotol\.m2\repository\ch\qos\logback\logback-core\1.1.11\logback-core-1.1.11.jar;C:\Users\sotol\.m2\repository\org\slf4j\jcl-over-slf4j\1.7.25\jcl-over-slf4j-1.7.25.jar;C:\Users\sotol\.m2\repository\org\slf4j\jul-to-slf4j\1.7.25\jul-to-slf4j-1.7.25.jar;C:\Users\sotol\.m2\repository\org\slf4j\log4j-over-slf4j\1.7.25\log4j-over-slf4j-1.7.25.jar;C:\Users\sotol\.m2\repository\org\yaml\snakeyaml\1.17\snakeyaml-1.17.jar;C:\Users\sotol\.m2\repository\org\springframework\boot\spring-boot-actuator\1.5.8.RELEASE\spring-boot-actuator-1.5.8.RELEASE.jar;C:\Users\sotol\.m2\repository\org\springframework\spring-context\4.3.12.RELEASE\spring-context-4.3.12.RELEASE.jar;C:\Users\sotol\.m2\repository\org\springframework\boot\spring-boot-starter-web\1.5.8.RELEASE\spring-boot-starter-web-1.5.8.RELEASE.jar;C:\Users\sotol\.m2\repository\org\springframework\boot\spring-boot-starter-tomcat\1.5.8.RELEASE\spring-boot-starter-tomcat-1.5.8.RELEASE.jar;C:\Users\sotol\.m2\repository\org\apache\tomcat\embed\tomcat-embed-core\8.5.23\tomcat-embed-core-8.5.23.jar;C:\Users\sotol\.m2\repository\org\apache\tomcat\tomcat-annotations-api\8.5.23\tomcat-annotations-api-8.5.23.jar;C:\Users\sotol\.m2\repository\org\apache\tomcat\embed\tomcat-embed-el\8.5.23\tomcat-embed-el-8.5.23.jar;C:\Users\sotol\.m2\repository\org\apache\tomcat\embed\tomcat-embed-websocket\8.5.23\tomcat-embed-websocket-8.5.23.jar;C:\Users\sotol\.m2\repository\org\hibernate\hibernate-validator\5.3.5.Final\hibernate-validator-5.3.5.Final.jar;C:\Users\sotol\.m2\repository\javax\validation\validation-api\1.1.0.Final\validation-api-1.1.0.Final.jar;C:\Users\sotol\.m2\repository\org\jboss\logging\jboss-logging\3.3.1.Final\jboss-logging-3.3.1.Final.jar;C:\Users\sotol\.m2\repository\com\fasterxml\classmate\1.3.4\classmate-1.3.4.jar;C:\Users\sotol\.m2\repository\com\fasterxml\jackson\core\jackson-databind\2.8.10\jackson-databind-2.8.10.jar;C:\Users\sotol\.m2\repository\com\fasterxml\jackson\core\jackson-annotations\2.8.0\jackson-annotations-2.8.0.jar;C:\Users\sotol\.m2\repository\com\fasterxml\jackson\core\jackson-core\2.8.10\jackson-core-2.8.10.jar;C:\Users\sotol\.m2\repository\org\springframework\spring-web\4.3.12.RELEASE\spring-web-4.3.12.RELEASE.jar;C:\Users\sotol\.m2\repository\org\springframework\spring-aop\4.3.12.RELEASE\spring-aop-4.3.12.RELEASE.jar;C:\Users\sotol\.m2\repository\org\springframework\spring-beans\4.3.12.RELEASE\spring-beans-4.3.12.RELEASE.jar;C:\Users\sotol\.m2\repository\org\springframework\spring-webmvc\4.3.12.RELEASE\spring-webmvc-4.3.12.RELEASE.jar;C:\Users\sotol\.m2\repository\org\springframework\spring-expression\4.3.12.RELEASE\spring-expression-4.3.12.RELEASE.jar;C:\Users\sotol\.m2\repository\org\springframework\boot\spring-boot-starter-test\1.5.8.RELEASE\spring-boot-starter-test-1.5.8.RELEASE.jar;C:\Users\sotol\.m2\repository\org\springframework\boot\spring-boot-test\1.5.8.RELEASE\spring-boot-test-1.5.8.RELEASE.jar;C:\Users\sotol\.m2\repository\org\springframework\boot\spring-boot-test-autoconfigure\1.5.8.RELEASE\spring-boot-test-autoconfigure-1.5.8.RELEASE.jar;C:\Users\sotol\.m2\repository\com\jayway\jsonpath\json-path\2.2.0\json-path-2.2.0.jar;C:\Users\sotol\.m2\repository\net\minidev\json-smart\2.2.1\json-smart-2.2.1.jar;C:\Users\sotol\.m2\repository\net\minidev\accessors-smart\1.1\accessors-smart-1.1.jar;C:\Users\sotol\.m2\repository\org\ow2\asm\asm\5.0.3\asm-5.0.3.jar;C:\Users\sotol\.m2\repository\junit\junit\4.12\junit-4.12.jar;C:\Users\sotol\.m2\repository\org\assertj\assertj-core\2.6.0\assertj-core-2.6.0.jar;C:\Users\sotol\.m2\repository\org\mockito\mockito-core\1.10.19\mockito-core-1.10.19.jar;C:\Users\sotol\.m2\repository\org\objenesis\objenesis\2.1\objenesis-2.1.jar;C:\Users\sotol\.m2\repository\org\hamcrest\hamcrest-core\1.3\hamcrest-core-1.3.jar;C:\Users\sotol\.m2\repository\org\hamcrest\hamcrest-library\1.3\hamcrest-library-1.3.jar;C:\Users\sotol\.m2\repository\org\skyscreamer\jsonassert\1.4.0\jsonassert-1.4.0.jar;C:\Users\sotol\.m2\repository\com\vaadin\external\google\android-json\0.0.20131108.vaadin1\android-json-0.0.20131108.vaadin1.jar;C:\Users\sotol\.m2\repository\org\springframework\spring-core\4.3.12.RELEASE\spring-core-4.3.12.RELEASE.jar;C:\Users\sotol\.m2\repository\org\springframework\spring-test\4.3.12.RELEASE\spring-test-4.3.12.RELEASE.jar;C:\Users\sotol\.m2\repository\de\flapdoodle\embed\de.flapdoodle.embed.mongo\1.50.5\de.flapdoodle.embed.mongo-1.50.5.jar;C:\Users\sotol\.m2\repository\de\flapdoodle\embed\de.flapdoodle.embed.process\1.50.2\de.flapdoodle.embed.process-1.50.2.jar;C:\Users\sotol\.m2\repository\commons-io\commons-io\2.4\commons-io-2.4.jar;C:\Users\sotol\.m2\repository\org\apache\commons\commons-lang3\3.1\commons-lang3-3.1.jar;C:\Users\sotol\.m2\repository\net\java\dev\jna\jna\4.2.2\jna-4.2.2.jar;C:\Users\sotol\.m2\repository\net\java\dev\jna\jna-platform\4.2.2\jna-platform-4.2.2.jar;C:\Users\sotol\.m2\repository\org\apache\commons\commons-compress\1.10\commons-compress-1.10.jar;C:\Users\sotol\.m2\repository\org\powermock\powermock-api-mockito\1.7.1\powermock-api-mockito-1.7.1.jar;C:\Users\sotol\.m2\repository\org\powermock\powermock-api-mockito-common\1.7.1\powermock-api-mockito-common-1.7.1.jar;C:\Users\sotol\.m2\repository\org\powermock\powermock-module-junit4\1.7.1\powermock-module-junit4-1.7.1.jar;C:\Users\sotol\.m2\repository\org\powermock\powermock-module-junit4-common\1.7.1\powermock-module-junit4-common-1.7.1.jar;C:\Users\sotol\.m2\repository\org\powermock\powermock-reflect\1.7.1\powermock-reflect-1.7.1.jar;C:\Users\sotol\.m2\repository\org\powermock\powermock-core\1.7.1\powermock-core-1.7.1.jar;C:\Users\sotol\.m2\repository\org\javassist\javassist\3.21.0-GA\javassist-3.21.0-GA.jar;C:\Users\sotol\.m2\repository\org\powermock\powermock-api-easymock\1.7.1\powermock-api-easymock-1.7.1.jar;C:\Users\sotol\.m2\repository\org\powermock\powermock-api-support\1.7.1\powermock-api-support-1.7.1.jar;C:\Users\sotol\.m2\repository\cglib\cglib-nodep\2.2.2\cglib-nodep-2.2.2.jar;C:\Users\sotol\.m2\repository\org\meanbean\meanbean\2.0.3\meanbean-2.0.3.jar;C:\Users\sotol\.m2\repository\commons-logging\commons-logging\1.1.1\commons-logging-1.1.1.jar;C:\Users\sotol\.m2\repository\cz\jirutka\spring\embedmongo-spring\1.3.0\embedmongo-spring-1.3.0.jar;C:\Users\sotol\.m2\repository\org\mongodb\mongo-java-driver\3.4.3\mongo-java-driver-3.4.3.jar;C:\Users\sotol\.m2\repository\org\slf4j\slf4j-api\1.7.25\slf4j-api-1.7.25.jar;, java.specification.name=Java Platform API Specification, java.class.version=52.0, sun.management.compiler=HotSpot 64-Bit Tiered Compilers, os.version=10.0, user.home=C:\Users\sotol, user.timezone=America/Buenos_Aires, java.awt.printerjob=sun.awt.windows.WPrinterJob, file.encoding=Cp1252, java.specification.version=1.8, java.class.path=M:\downloadedTools\workspace\BikesRental\target\test-classes;M:\downloadedTools\workspace\BikesRental\target\classes;C:\Users\sotol\.m2\repository\org\springframework\boot\spring-boot-starter-actuator\1.5.8.RELEASE\spring-boot-starter-actuator-1.5.8.RELEASE.jar;C:\Users\sotol\.m2\repository\org\springframework\boot\spring-boot-starter\1.5.8.RELEASE\spring-boot-starter-1.5.8.RELEASE.jar;C:\Users\sotol\.m2\repository\org\springframework\boot\spring-boot\1.5.8.RELEASE\spring-boot-1.5.8.RELEASE.jar;C:\Users\sotol\.m2\repository\org\springframework\boot\spring-boot-autoconfigure\1.5.8.RELEASE\spring-boot-autoconfigure-1.5.8.RELEASE.jar;C:\Users\sotol\.m2\repository\org\springframework\boot\spring-boot-starter-logging\1.5.8.RELEASE\spring-boot-starter-logging-1.5.8.RELEASE.jar;C:\Users\sotol\.m2\repository\ch\qos\logback\logback-classic\1.1.11\logback-classic-1.1.11.jar;C:\Users\sotol\.m2\repository\ch\qos\logback\logback-core\1.1.11\logback-core-1.1.11.jar;C:\Users\sotol\.m2\repository\org\slf4j\jcl-over-slf4j\1.7.25\jcl-over-slf4j-1.7.25.jar;C:\Users\sotol\.m2\repository\org\slf4j\jul-to-slf4j\1.7.25\jul-to-slf4j-1.7.25.jar;C:\Users\sotol\.m2\repository\org\slf4j\log4j-over-slf4j\1.7.25\log4j-over-slf4j-1.7.25.jar;C:\Users\sotol\.m2\repository\org\yaml\snakeyaml\1.17\snakeyaml-1.17.jar;C:\Users\sotol\.m2\repository\org\springframework\boot\spring-boot-actuator\1.5.8.RELEASE\spring-boot-actuator-1.5.8.RELEASE.jar;C:\Users\sotol\.m2\repository\org\springframework\spring-context\4.3.12.RELEASE\spring-context-4.3.12.RELEASE.jar;C:\Users\sotol\.m2\repository\org\springframework\boot\spring-boot-starter-web\1.5.8.RELEASE\spring-boot-starter-web-1.5.8.RELEASE.jar;C:\Users\sotol\.m2\repository\org\springframework\boot\spring-boot-starter-tomcat\1.5.8.RELEASE\spring-boot-starter-tomcat-1.5.8.RELEASE.jar;C:\Users\sotol\.m2\repository\org\apache\tomcat\embed\tomcat-embed-core\8.5.23\tomcat-embed-core-8.5.23.jar;C:\Users\sotol\.m2\repository\org\apache\tomcat\tomcat-annotations-api\8.5.23\tomcat-annotations-api-8.5.23.jar;C:\Users\sotol\.m2\repository\org\apache\tomcat\embed\tomcat-embed-el\8.5.23\tomcat-embed-el-8.5.23.jar;C:\Users\sotol\.m2\repository\org\apache\tomcat\embed\tomcat-embed-websocket\8.5.23\tomcat-embed-websocket-8.5.23.jar;C:\Users\sotol\.m2\repository\org\hibernate\hibernate-validator\5.3.5.Final\hibernate-validator-5.3.5.Final.jar;C:\Users\sotol\.m2\repository\javax\validation\validation-api\1.1.0.Final\validation-api-1.1.0.Final.jar;C:\Users\sotol\.m2\repository\org\jboss\logging\jboss-logging\3.3.1.Final\jboss-logging-3.3.1.Final.jar;C:\Users\sotol\.m2\repository\com\fasterxml\classmate\1.3.4\classmate-1.3.4.jar;C:\Users\sotol\.m2\repository\com\fasterxml\jackson\core\jackson-databind\2.8.10\jackson-databind-2.8.10.jar;C:\Users\sotol\.m2\repository\com\fasterxml\jackson\core\jackson-annotations\2.8.0\jackson-annotations-2.8.0.jar;C:\Users\sotol\.m2\repository\com\fasterxml\jackson\core\jackson-core\2.8.10\jackson-core-2.8.10.jar;C:\Users\sotol\.m2\repository\org\springframework\spring-web\4.3.12.RELEASE\spring-web-4.3.12.RELEASE.jar;C:\Users\sotol\.m2\repository\org\springframework\spring-aop\4.3.12.RELEASE\spring-aop-4.3.12.RELEASE.jar;C:\Users\sotol\.m2\repository\org\springframework\spring-beans\4.3.12.RELEASE\spring-beans-4.3.12.RELEASE.jar;C:\Users\sotol\.m2\repository\org\springframework\spring-webmvc\4.3.12.RELEASE\spring-webmvc-4.3.12.RELEASE.jar;C:\Users\sotol\.m2\repository\org\springframework\spring-expression\4.3.12.RELEASE\spring-expression-4.3.12.RELEASE.jar;C:\Users\sotol\.m2\repository\org\springframework\boot\spring-boot-starter-test\1.5.8.RELEASE\spring-boot-starter-test-1.5.8.RELEASE.jar;C:\Users\sotol\.m2\repository\org\springframework\boot\spring-boot-test\1.5.8.RELEASE\spring-boot-test-1.5.8.RELEASE.jar;C:\Users\sotol\.m2\repository\org\springframework\boot\spring-boot-test-autoconfigure\1.5.8.RELEASE\spring-boot-test-autoconfigure-1.5.8.RELEASE.jar;C:\Users\sotol\.m2\repository\com\jayway\jsonpath\json-path\2.2.0\json-path-2.2.0.jar;C:\Users\sotol\.m2\repository\net\minidev\json-smart\2.2.1\json-smart-2.2.1.jar;C:\Users\sotol\.m2\repository\net\minidev\accessors-smart\1.1\accessors-smart-1.1.jar;C:\Users\sotol\.m2\repository\org\ow2\asm\asm\5.0.3\asm-5.0.3.jar;C:\Users\sotol\.m2\repository\junit\junit\4.12\junit-4.12.jar;C:\Users\sotol\.m2\repository\org\assertj\assertj-core\2.6.0\assertj-core-2.6.0.jar;C:\Users\sotol\.m2\repository\org\mockito\mockito-core\1.10.19\mockito-core-1.10.19.jar;C:\Users\sotol\.m2\repository\org\objenesis\objenesis\2.1\objenesis-2.1.jar;C:\Users\sotol\.m2\repository\org\hamcrest\hamcrest-core\1.3\hamcrest-core-1.3.jar;C:\Users\sotol\.m2\repository\org\hamcrest\hamcrest-library\1.3\hamcrest-library-1.3.jar;C:\Users\sotol\.m2\repository\org\skyscreamer\jsonassert\1.4.0\jsonassert-1.4.0.jar;C:\Users\sotol\.m2\repository\com\vaadin\external\google\android-json\0.0.20131108.vaadin1\android-json-0.0.20131108.vaadin1.jar;C:\Users\sotol\.m2\repository\org\springframework\spring-core\4.3.12.RELEASE\spring-core-4.3.12.RELEASE.jar;C:\Users\sotol\.m2\repository\org\springframework\spring-test\4.3.12.RELEASE\spring-test-4.3.12.RELEASE.jar;C:\Users\sotol\.m2\repository\de\flapdoodle\embed\de.flapdoodle.embed.mongo\1.50.5\de.flapdoodle.embed.mongo-1.50.5.jar;C:\Users\sotol\.m2\repository\de\flapdoodle\embed\de.flapdoodle.embed.process\1.50.2\de.flapdoodle.embed.process-1.50.2.jar;C:\Users\sotol\.m2\repository\commons-io\commons-io\2.4\commons-io-2.4.jar;C:\Users\sotol\.m2\repository\org\apache\commons\commons-lang3\3.1\commons-lang3-3.1.jar;C:\Users\sotol\.m2\repository\net\java\dev\jna\jna\4.2.2\jna-4.2.2.jar;C:\Users\sotol\.m2\repository\net\java\dev\jna\jna-platform\4.2.2\jna-platform-4.2.2.jar;C:\Users\sotol\.m2\repository\org\apache\commons\commons-compress\1.10\commons-compress-1.10.jar;C:\Users\sotol\.m2\repository\org\powermock\powermock-api-mockito\1.7.1\powermock-api-mockito-1.7.1.jar;C:\Users\sotol\.m2\repository\org\powermock\powermock-api-mockito-common\1.7.1\powermock-api-mockito-common-1.7.1.jar;C:\Users\sotol\.m2\repository\org\powermock\powermock-module-junit4\1.7.1\powermock-module-junit4-1.7.1.jar;C:\Users\sotol\.m2\repository\org\powermock\powermock-module-junit4-common\1.7.1\powermock-module-junit4-common-1.7.1.jar;C:\Users\sotol\.m2\repository\org\powermock\powermock-reflect\1.7.1\powermock-reflect-1.7.1.jar;C:\Users\sotol\.m2\repository\org\powermock\powermock-core\1.7.1\powermock-core-1.7.1.jar;C:\Users\sotol\.m2\repository\org\javassist\javassist\3.21.0-GA\javassist-3.21.0-GA.jar;C:\Users\sotol\.m2\repository\org\powermock\powermock-api-easymock\1.7.1\powermock-api-easymock-1.7.1.jar;C:\Users\sotol\.m2\repository\org\powermock\powermock-api-support\1.7.1\powermock-api-support-1.7.1.jar;C:\Users\sotol\.m2\repository\cglib\cglib-nodep\2.2.2\cglib-nodep-2.2.2.jar;C:\Users\sotol\.m2\repository\org\meanbean\meanbean\2.0.3\meanbean-2.0.3.jar;C:\Users\sotol\.m2\repository\commons-logging\commons-logging\1.1.1\commons-logging-1.1.1.jar;C:\Users\sotol\.m2\repository\cz\jirutka\spring\embedmongo-spring\1.3.0\embedmongo-spring-1.3.0.jar;C:\Users\sotol\.m2\repository\org\mongodb\mongo-java-driver\3.4.3\mongo-java-driver-3.4.3.jar;C:\Users\sotol\.m2\repository\org\slf4j\slf4j-api\1.7.25\slf4j-api-1.7.25.jar;, user.name=sotol, java.vm.specification.version=1.8, sun.java.command=M:\downloadedTools\workspace\BikesRental\target\surefire\surefirebooter2936575285836931869.jar M:\downloadedTools\workspace\BikesRental\target\surefire\surefire7759422769839253337tmp M:\downloadedTools\workspace\BikesRental\target\surefire\surefire_02765175815858195830tmp, java.home=C:\Program Files\Java\jdk1.8.0_191\jre, sun.arch.data.model=64, user.language=en, java.specification.vendor=Oracle Corporation, awt.toolkit=sun.awt.windows.WToolkit, java.vm.info=mixed mode, java.version=1.8.0_191, java.ext.dirs=C:\Program Files\Java\jdk1.8.0_191\jre\lib\ext;C:\WINDOWS\Sun\Java\lib\ext, sun.boot.class.path=C:\Program Files\Java\jdk1.8.0_191\jre\lib\resources.jar;C:\Program Files\Java\jdk1.8.0_191\jre\lib\rt.jar;C:\Program Files\Java\jdk1.8.0_191\jre\lib\sunrsasign.jar;C:\Program Files\Java\jdk1.8.0_191\jre\lib\jsse.jar;C:\Program Files\Java\jdk1.8.0_191\jre\lib\jce.jar;C:\Program Files\Java\jdk1.8.0_191\jre\lib\charsets.jar;C:\Program Files\Java\jdk1.8.0_191\jre\lib\jfr.jar;C:\Program Files\Java\jdk1.8.0_191\jre\classes, java.vendor=Oracle Corporation, localRepository=C:\Users\sotol\.m2\repository, file.separator=\, java.vendor.url.bug=http://bugreport.sun.com/bugreport/, sun.io.unicode.encoding=UnicodeLittle, sun.cpu.endian=little, sun.desktop=windows, sun.cpu.isalist=amd64}}, SystemEnvironmentPropertySource@360062456 {name='systemEnvironment', properties={PATH=C:/Program Files/Java/jre1.8.0_191/bin/server;C:/Program Files/Java/jre1.8.0_191/bin;C:/Program Files/Java/jre1.8.0_191/lib/amd64;C:\Program Files (x86)\Common Files\Oracle\Java\javapath;C:\Program Files (x86)\Intel\iCLS Client\;C:\Program Files\Intel\iCLS Client\;C:\Windows\system32;C:\Windows;C:\Windows\System32\Wbem;C:\Windows\System32\WindowsPowerShell\v1.0\;C:\Program Files (x86)\NVIDIA Corporation\PhysX\Common;C:\Program Files (x86)\Intel\Intel(R) Management Engine Components\DAL;C:\Program Files\Intel\Intel(R) Management Engine Components\DAL;C:\Program Files (x86)\Intel\Intel(R) Management Engine Components\IPT;C:\Program Files\Intel\Intel(R) Management Engine Components\IPT;C:\Program Files\Intel\WiFi\bin\;C:\Program Files\Common Files\Intel\WirelessCommon\;C:\WINDOWS\system32;C:\WINDOWS;C:\WINDOWS\System32\Wbem;C:\WINDOWS\System32\WindowsPowerShell\v1.0\;C:\WINDOWS\System32\OpenSSH\;%JAVA_HOME%\bin;%M2_HOME%\bin;M:\downloadedTools\nodejs\;C:\Users\sotol\AppData\Local\Microsoft\WindowsApps;C:\Users\sotol\AppData\Roaming\npm;M:\downloadedTools\sts-bundle\sts-3.9.6.RELEASE;, USERDOMAIN_ROAMINGPROFILE=MSI, LOCALAPPDATA=C:\Users\sotol\AppData\Local, PROCESSOR_LEVEL=6, SYSTEMDRIVE=C:, COMMONPROGRAMFILES(X86)=C:\Program Files (x86)\Common Files, USERDOMAIN=MSI, FPS_BROWSER_APP_PROFILE_STRING=Internet Explorer, LOGONSERVER=\\MSI, JAVA_HOME=C:\Program Files\Java\jdk1.8.0_191, PROMPT=$P$G, SESSIONNAME=Console, =M:=M:\downloadedTools\workspace\BikesRental, ALLUSERSPROFILE=C:\ProgramData, PROGRAMFILES(X86)=C:\Program Files (x86), PROCESSOR_ARCHITECTURE=AMD64, DRIVERDATA=C:\Windows\System32\Drivers\DriverData, PROGRAMFILES=C:\Program Files, =C:=C:\, APPDATA=C:\Users\sotol\AppData\Roaming, PSMODULEPATH=C:\Program Files\WindowsPowerShell\Modules;C:\WINDOWS\system32\WindowsPowerShell\v1.0\Modules, PROGRAMW6432=C:\Program Files, PROGRAMDATA=C:\ProgramData, SYSTEMROOT=C:\WINDOWS, USERNAME=sotol, FPS_BROWSER_USER_PROFILE_STRING=Default, ONEDRIVE=C:\Users\sotol\OneDrive, CONFIGSETROOT=C:\WINDOWS\ConfigSetRoot, PATHEXT=.COM;.EXE;.BAT;.CMD;.VBS;.VBE;.JS;.JSE;.WSF;.WSH;.MSC, OS=Windows_NT, COMMONPROGRAMW6432=C:\Program Files\Common Files, COMPUTERNAME=MSI, COMMONPROGRAMFILES=C:\Program Files\Common Files, COMSPEC=C:\WINDOWS\system32\cmd.exe, PROCESSOR_REVISION=9e09, WINDIR=C:\WINDOWS, HOMEPATH=\Users\sotol, TEMP=C:\Users\sotol\AppData\Local\Temp, HOMEDRIVE=C:, PROCESSOR_IDENTIFIER=Intel64 Family 6 Model 158 Stepping 9, GenuineIntel, USERPROFILE=C:\Users\sotol, TMP=C:\Users\sotol\AppData\Local\Temp, M2_HOME=M:\downloadedTools\apache-maven-3.6.0, PUBLIC=C:\Users\Public, NUMBER_OF_PROCESSORS=4, =::=::\}}]
19:14:36.408 [main] DEBUG org.springframework.test.context.support.AnnotationConfigContextLoader - Registering annotated classes: {}
19:14:36.431 [main] INFO org.springframework.context.support.GenericApplicationContext - Refreshing org.springframework.context.support.GenericApplicationContext@400cff1a: startup date [Sun Dec 02 19:14:36 ART 2018]; root of context hierarchy
19:14:36.432 [main] DEBUG org.springframework.context.support.GenericApplicationContext - Bean factory for org.springframework.context.support.GenericApplicationContext@400cff1a: org.springframework.beans.factory.support.DefaultListableBeanFactory@61dd025: defining beans [org.springframework.context.annotation.internalConfigurationAnnotationProcessor,org.springframework.context.annotation.internalAutowiredAnnotationProcessor,org.springframework.context.annotation.internalRequiredAnnotationProcessor,org.springframework.context.annotation.internalCommonAnnotationProcessor,org.springframework.context.event.internalEventListenerProcessor,org.springframework.context.event.internalEventListenerFactory,org.springframework.boot.test.mock.mockito.MockitoPostProcessor$SpyPostProcessor,org.springframework.boot.test.mock.mockito.MockitoPostProcessor]; root of factory hierarchy
19:14:36.446 [main] DEBUG org.springframework.beans.factory.support.DefaultListableBeanFactory - Creating shared instance of singleton bean 'org.springframework.context.annotation.internalConfigurationAnnotationProcessor'
19:14:36.446 [main] DEBUG org.springframework.beans.factory.support.DefaultListableBeanFactory - Creating instance of bean 'org.springframework.context.annotation.internalConfigurationAnnotationProcessor'
19:14:36.459 [main] DEBUG org.springframework.beans.factory.support.DefaultListableBeanFactory - Eagerly caching bean 'org.springframework.context.annotation.internalConfigurationAnnotationProcessor' to allow for resolving potential circular references
19:14:36.461 [main] DEBUG org.springframework.beans.factory.support.DefaultListableBeanFactory - Finished creating instance of bean 'org.springframework.context.annotation.internalConfigurationAnnotationProcessor'
19:14:36.466 [main] DEBUG org.springframework.beans.factory.support.DefaultListableBeanFactory - Creating shared instance of singleton bean 'org.springframework.boot.test.mock.mockito.MockitoPostProcessor'
19:14:36.466 [main] DEBUG org.springframework.beans.factory.support.DefaultListableBeanFactory - Creating instance of bean 'org.springframework.boot.test.mock.mockito.MockitoPostProcessor'
19:14:36.488 [main] DEBUG org.springframework.beans.factory.support.DefaultListableBeanFactory - Eagerly caching bean 'org.springframework.boot.test.mock.mockito.MockitoPostProcessor' to allow for resolving potential circular references
19:14:36.515 [main] DEBUG org.springframework.beans.factory.support.DefaultListableBeanFactory - Finished creating instance of bean 'org.springframework.boot.test.mock.mockito.MockitoPostProcessor'
19:14:36.519 [main] DEBUG org.springframework.beans.factory.support.DefaultListableBeanFactory - Creating shared instance of singleton bean 'org.springframework.context.annotation.internalAutowiredAnnotationProcessor'
19:14:36.520 [main] DEBUG org.springframework.beans.factory.support.DefaultListableBeanFactory - Creating instance of bean 'org.springframework.context.annotation.internalAutowiredAnnotationProcessor'
19:14:36.521 [main] DEBUG org.springframework.beans.factory.support.DefaultListableBeanFactory - Eagerly caching bean 'org.springframework.context.annotation.internalAutowiredAnnotationProcessor' to allow for resolving potential circular references
19:14:36.524 [main] DEBUG org.springframework.beans.factory.support.DefaultListableBeanFactory - Finished creating instance of bean 'org.springframework.context.annotation.internalAutowiredAnnotationProcessor'
19:14:36.524 [main] DEBUG org.springframework.beans.factory.support.DefaultListableBeanFactory - Creating shared instance of singleton bean 'org.springframework.context.annotation.internalRequiredAnnotationProcessor'
19:14:36.524 [main] DEBUG org.springframework.beans.factory.support.DefaultListableBeanFactory - Creating instance of bean 'org.springframework.context.annotation.internalRequiredAnnotationProcessor'
19:14:36.525 [main] DEBUG org.springframework.beans.factory.support.DefaultListableBeanFactory - Eagerly caching bean 'org.springframework.context.annotation.internalRequiredAnnotationProcessor' to allow for resolving potential circular references
19:14:36.528 [main] DEBUG org.springframework.beans.factory.support.DefaultListableBeanFactory - Finished creating instance of bean 'org.springframework.context.annotation.internalRequiredAnnotationProcessor'
19:14:36.528 [main] DEBUG org.springframework.beans.factory.support.DefaultListableBeanFactory - Creating shared instance of singleton bean 'org.springframework.context.annotation.internalCommonAnnotationProcessor'
19:14:36.528 [main] DEBUG org.springframework.beans.factory.support.DefaultListableBeanFactory - Creating instance of bean 'org.springframework.context.annotation.internalCommonAnnotationProcessor'
19:14:36.531 [main] DEBUG org.springframework.beans.factory.support.DefaultListableBeanFactory - Eagerly caching bean 'org.springframework.context.annotation.internalCommonAnnotationProcessor' to allow for resolving potential circular references
19:14:36.537 [main] DEBUG org.springframework.beans.factory.support.DefaultListableBeanFactory - Finished creating instance of bean 'org.springframework.context.annotation.internalCommonAnnotationProcessor'
19:14:36.537 [main] DEBUG org.springframework.beans.factory.support.DefaultListableBeanFactory - Creating shared instance of singleton bean 'org.springframework.boot.test.mock.mockito.MockitoPostProcessor$SpyPostProcessor'
19:14:36.537 [main] DEBUG org.springframework.beans.factory.support.DefaultListableBeanFactory - Creating instance of bean 'org.springframework.boot.test.mock.mockito.MockitoPostProcessor$SpyPostProcessor'
19:14:36.543 [main] DEBUG org.springframework.beans.factory.support.DefaultListableBeanFactory - Returning cached instance of singleton bean 'org.springframework.boot.test.mock.mockito.MockitoPostProcessor'
19:14:36.544 [main] DEBUG org.springframework.beans.factory.support.DefaultListableBeanFactory - Eagerly caching bean 'org.springframework.boot.test.mock.mockito.MockitoPostProcessor$SpyPostProcessor' to allow for resolving potential circular references
19:14:36.546 [main] DEBUG org.springframework.beans.factory.support.DefaultListableBeanFactory - Finished creating instance of bean 'org.springframework.boot.test.mock.mockito.MockitoPostProcessor$SpyPostProcessor'
19:14:36.546 [main] DEBUG org.springframework.beans.factory.support.DefaultListableBeanFactory - Returning cached instance of singleton bean 'org.springframework.boot.test.mock.mockito.MockitoPostProcessor'
19:14:36.546 [main] DEBUG org.springframework.beans.factory.support.DefaultListableBeanFactory - Returning cached instance of singleton bean 'org.springframework.boot.test.autoconfigure.properties.PropertyMappingContextCustomizer$PropertyMappingCheckBeanPostProcessor'
19:14:36.547 [main] DEBUG org.springframework.context.support.GenericApplicationContext - Unable to locate MessageSource with name 'messageSource': using default [org.springframework.context.support.DelegatingMessageSource@7b2bbc3]
19:14:36.549 [main] DEBUG org.springframework.context.support.GenericApplicationContext - Unable to locate ApplicationEventMulticaster with name 'applicationEventMulticaster': using default [org.springframework.context.event.SimpleApplicationEventMulticaster@4218d6a3]
19:14:36.550 [main] DEBUG org.springframework.beans.factory.support.DefaultListableBeanFactory - Pre-instantiating singletons in org.springframework.beans.factory.support.DefaultListableBeanFactory@61dd025: defining beans [org.springframework.context.annotation.internalConfigurationAnnotationProcessor,org.springframework.context.annotation.internalAutowiredAnnotationProcessor,org.springframework.context.annotation.internalRequiredAnnotationProcessor,org.springframework.context.annotation.internalCommonAnnotationProcessor,org.springframework.context.event.internalEventListenerProcessor,org.springframework.context.event.internalEventListenerFactory,org.springframework.boot.test.mock.mockito.MockitoPostProcessor$SpyPostProcessor,org.springframework.boot.test.mock.mockito.MockitoPostProcessor]; root of factory hierarchy
19:14:36.550 [main] DEBUG org.springframework.beans.factory.support.DefaultListableBeanFactory - Returning cached instance of singleton bean 'org.springframework.context.annotation.internalConfigurationAnnotationProcessor'
19:14:36.550 [main] DEBUG org.springframework.beans.factory.support.DefaultListableBeanFactory - Returning cached instance of singleton bean 'org.springframework.context.annotation.internalAutowiredAnnotationProcessor'
19:14:36.550 [main] DEBUG org.springframework.beans.factory.support.DefaultListableBeanFactory - Returning cached instance of singleton bean 'org.springframework.context.annotation.internalRequiredAnnotationProcessor'
19:14:36.550 [main] DEBUG org.springframework.beans.factory.support.DefaultListableBeanFactory - Returning cached instance of singleton bean 'org.springframework.context.annotation.internalCommonAnnotationProcessor'
19:14:36.550 [main] DEBUG org.springframework.beans.factory.support.DefaultListableBeanFactory - Creating shared instance of singleton bean 'org.springframework.context.event.internalEventListenerProcessor'
19:14:36.550 [main] DEBUG org.springframework.beans.factory.support.DefaultListableBeanFactory - Creating instance of bean 'org.springframework.context.event.internalEventListenerProcessor'
19:14:36.555 [main] DEBUG org.springframework.beans.factory.support.DefaultListableBeanFactory - Eagerly caching bean 'org.springframework.context.event.internalEventListenerProcessor' to allow for resolving potential circular references
19:14:36.557 [main] DEBUG org.springframework.beans.factory.support.DefaultListableBeanFactory - Finished creating instance of bean 'org.springframework.context.event.internalEventListenerProcessor'
19:14:36.557 [main] DEBUG org.springframework.beans.factory.support.DefaultListableBeanFactory - Creating shared instance of singleton bean 'org.springframework.context.event.internalEventListenerFactory'
19:14:36.557 [main] DEBUG org.springframework.beans.factory.support.DefaultListableBeanFactory - Creating instance of bean 'org.springframework.context.event.internalEventListenerFactory'
19:14:36.557 [main] DEBUG org.springframework.beans.factory.support.DefaultListableBeanFactory - Eagerly caching bean 'org.springframework.context.event.internalEventListenerFactory' to allow for resolving potential circular references
19:14:36.560 [main] DEBUG org.springframework.beans.factory.support.DefaultListableBeanFactory - Finished creating instance of bean 'org.springframework.context.event.internalEventListenerFactory'
19:14:36.560 [main] DEBUG org.springframework.beans.factory.support.DefaultListableBeanFactory - Returning cached instance of singleton bean 'org.springframework.boot.test.mock.mockito.MockitoPostProcessor$SpyPostProcessor'
19:14:36.560 [main] DEBUG org.springframework.beans.factory.support.DefaultListableBeanFactory - Returning cached instance of singleton bean 'org.springframework.boot.test.mock.mockito.MockitoPostProcessor'
19:14:36.560 [main] DEBUG org.springframework.beans.factory.support.DefaultListableBeanFactory - Returning cached instance of singleton bean 'org.springframework.context.event.internalEventListenerFactory'
19:14:36.573 [main] DEBUG org.springframework.context.support.GenericApplicationContext - Unable to locate LifecycleProcessor with name 'lifecycleProcessor': using default [org.springframework.context.support.DefaultLifecycleProcessor@1573f9fc]
19:14:36.574 [main] DEBUG org.springframework.beans.factory.support.DefaultListableBeanFactory - Returning cached instance of singleton bean 'lifecycleProcessor'
19:14:36.575 [main] DEBUG org.springframework.core.env.PropertySourcesPropertyResolver - Could not find key 'spring.liveBeansView.mbeanDomain' in any property source
19:14:36.577 [main] DEBUG org.springframework.test.context.cache.DefaultCacheAwareContextLoaderDelegate - Storing ApplicationContext in cache under key [[MergedContextConfiguration@429bd883 testClass = BikePackageServiceTest, locations = '{}', classes = '{}', contextInitializerClasses = '[]', activeProfiles = '{}', propertySourceLocations = '{}', propertySourceProperties = '{}', contextCustomizers = set[org.springframework.boot.test.context.filter.ExcludeFilterContextCustomizer@51cdd8a, org.springframework.boot.test.json.DuplicateJsonObjectContextCustomizerFactory$DuplicateJsonObjectContextCustomizer@2d6eabae, org.springframework.boot.test.mock.mockito.MockitoContextCustomizer@0, org.springframework.boot.test.autoconfigure.properties.PropertyMappingContextCustomizer@0, org.springframework.boot.test.autoconfigure.web.servlet.WebDriverContextCustomizerFactory$Customizer@2f943d71], contextLoader = 'org.springframework.test.context.support.DelegatingSmartContextLoader', parent = [null]]]
19:14:36.577 [main] DEBUG org.springframework.test.context.cache - Spring test ApplicationContext cache statistics: [DefaultContextCache@682b2fa size = 1, maxSize = 32, parentContextCount = 0, hitCount = 0, missCount = 1]
19:14:36.686 [main] DEBUG org.springframework.test.context.support.AbstractDirtiesContextTestExecutionListener - Before test method: context [DefaultTestContext@345965f2 testClass = BikePackageServiceTest, testInstance = com.example.fdv.bikes.BikePackageServiceTest@731f8236, testMethod = calculteFinalPackageTest@BikePackageServiceTest, testException = [null], mergedContextConfiguration = [MergedContextConfiguration@429bd883 testClass = BikePackageServiceTest, locations = '{}', classes = '{}', contextInitializerClasses = '[]', activeProfiles = '{}', propertySourceLocations = '{}', propertySourceProperties = '{}', contextCustomizers = set[org.springframework.boot.test.context.filter.ExcludeFilterContextCustomizer@51cdd8a, org.springframework.boot.test.json.DuplicateJsonObjectContextCustomizerFactory$DuplicateJsonObjectContextCustomizer@2d6eabae, org.springframework.boot.test.mock.mockito.MockitoContextCustomizer@0, org.springframework.boot.test.autoconfigure.properties.PropertyMappingContextCustomizer@0, org.springframework.boot.test.autoconfigure.web.servlet.WebDriverContextCustomizerFactory$Customizer@2f943d71], contextLoader = 'org.springframework.test.context.support.DelegatingSmartContextLoader', parent = [null]]], class annotated with @DirtiesContext [false] with mode [null], method annotated with @DirtiesContext [false] with mode [null].
19:14:36.686 [main] DEBUG org.springframework.test.context.cache.DefaultCacheAwareContextLoaderDelegate - Retrieved ApplicationContext from cache with key [[MergedContextConfiguration@429bd883 testClass = BikePackageServiceTest, locations = '{}', classes = '{}', contextInitializerClasses = '[]', activeProfiles = '{}', propertySourceLocations = '{}', propertySourceProperties = '{}', contextCustomizers = set[org.springframework.boot.test.context.filter.ExcludeFilterContextCustomizer@51cdd8a, org.springframework.boot.test.json.DuplicateJsonObjectContextCustomizerFactory$DuplicateJsonObjectContextCustomizer@2d6eabae, org.springframework.boot.test.mock.mockito.MockitoContextCustomizer@0, org.springframework.boot.test.autoconfigure.properties.PropertyMappingContextCustomizer@0, org.springframework.boot.test.autoconfigure.web.servlet.WebDriverContextCustomizerFactory$Customizer@2f943d71], contextLoader = 'org.springframework.test.context.support.DelegatingSmartContextLoader', parent = [null]]]
19:14:36.686 [main] DEBUG org.springframework.test.context.cache - Spring test ApplicationContext cache statistics: [DefaultContextCache@682b2fa size = 1, maxSize = 32, parentContextCount = 0, hitCount = 1, missCount = 1]
19:14:36.688 [main] DEBUG org.springframework.beans.factory.support.DefaultListableBeanFactory - Returning cached instance of singleton bean 'org.springframework.boot.test.mock.mockito.MockitoBeans'
19:14:36.732 [main] DEBUG org.springframework.test.context.cache.DefaultCacheAwareContextLoaderDelegate - Retrieved ApplicationContext from cache with key [[MergedContextConfiguration@429bd883 testClass = BikePackageServiceTest, locations = '{}', classes = '{}', contextInitializerClasses = '[]', activeProfiles = '{}', propertySourceLocations = '{}', propertySourceProperties = '{}', contextCustomizers = set[org.springframework.boot.test.context.filter.ExcludeFilterContextCustomizer@51cdd8a, org.springframework.boot.test.json.DuplicateJsonObjectContextCustomizerFactory$DuplicateJsonObjectContextCustomizer@2d6eabae, org.springframework.boot.test.mock.mockito.MockitoContextCustomizer@0, org.springframework.boot.test.autoconfigure.properties.PropertyMappingContextCustomizer@0, org.springframework.boot.test.autoconfigure.web.servlet.WebDriverContextCustomizerFactory$Customizer@2f943d71], contextLoader = 'org.springframework.test.context.support.DelegatingSmartContextLoader', parent = [null]]]
19:14:36.732 [main] DEBUG org.springframework.test.context.cache - Spring test ApplicationContext cache statistics: [DefaultContextCache@682b2fa size = 1, maxSize = 32, parentContextCount = 0, hitCount = 2, missCount = 1]
19:14:36.732 [main] DEBUG org.springframework.beans.factory.support.DefaultListableBeanFactory - Returning cached instance of singleton bean 'org.springframework.boot.test.mock.mockito.MockitoBeans'
19:14:36.735 [main] DEBUG org.springframework.test.context.cache.DefaultCacheAwareContextLoaderDelegate - Retrieved ApplicationContext from cache with key [[MergedContextConfiguration@429bd883 testClass = BikePackageServiceTest, locations = '{}', classes = '{}', contextInitializerClasses = '[]', activeProfiles = '{}', propertySourceLocations = '{}', propertySourceProperties = '{}', contextCustomizers = set[org.springframework.boot.test.context.filter.ExcludeFilterContextCustomizer@51cdd8a, org.springframework.boot.test.json.DuplicateJsonObjectContextCustomizerFactory$DuplicateJsonObjectContextCustomizer@2d6eabae, org.springframework.boot.test.mock.mockito.MockitoContextCustomizer@0, org.springframework.boot.test.autoconfigure.properties.PropertyMappingContextCustomizer@0, org.springframework.boot.test.autoconfigure.web.servlet.WebDriverContextCustomizerFactory$Customizer@2f943d71], contextLoader = 'org.springframework.test.context.support.DelegatingSmartContextLoader', parent = [null]]]
19:14:36.735 [main] DEBUG org.springframework.test.context.cache - Spring test ApplicationContext cache statistics: [DefaultContextCache@682b2fa size = 1, maxSize = 32, parentContextCount = 0, hitCount = 3, missCount = 1]
19:14:36.737 [main] DEBUG org.springframework.test.context.cache.DefaultCacheAwareContextLoaderDelegate - Retrieved ApplicationContext from cache with key [[MergedContextConfiguration@429bd883 testClass = BikePackageServiceTest, locations = '{}', classes = '{}', contextInitializerClasses = '[]', activeProfiles = '{}', propertySourceLocations = '{}', propertySourceProperties = '{}', contextCustomizers = set[org.springframework.boot.test.context.filter.ExcludeFilterContextCustomizer@51cdd8a, org.springframework.boot.test.json.DuplicateJsonObjectContextCustomizerFactory$DuplicateJsonObjectContextCustomizer@2d6eabae, org.springframework.boot.test.mock.mockito.MockitoContextCustomizer@0, org.springframework.boot.test.autoconfigure.properties.PropertyMappingContextCustomizer@0, org.springframework.boot.test.autoconfigure.web.servlet.WebDriverContextCustomizerFactory$Customizer@2f943d71], contextLoader = 'org.springframework.test.context.support.DelegatingSmartContextLoader', parent = [null]]]
19:14:36.737 [main] DEBUG org.springframework.test.context.cache - Spring test ApplicationContext cache statistics: [DefaultContextCache@682b2fa size = 1, maxSize = 32, parentContextCount = 0, hitCount = 4, missCount = 1]
19:14:36.737 [main] DEBUG org.springframework.test.context.cache.DefaultCacheAwareContextLoaderDelegate - Retrieved ApplicationContext from cache with key [[MergedContextConfiguration@429bd883 testClass = BikePackageServiceTest, locations = '{}', classes = '{}', contextInitializerClasses = '[]', activeProfiles = '{}', propertySourceLocations = '{}', propertySourceProperties = '{}', contextCustomizers = set[org.springframework.boot.test.context.filter.ExcludeFilterContextCustomizer@51cdd8a, org.springframework.boot.test.json.DuplicateJsonObjectContextCustomizerFactory$DuplicateJsonObjectContextCustomizer@2d6eabae, org.springframework.boot.test.mock.mockito.MockitoContextCustomizer@0, org.springframework.boot.test.autoconfigure.properties.PropertyMappingContextCustomizer@0, org.springframework.boot.test.autoconfigure.web.servlet.WebDriverContextCustomizerFactory$Customizer@2f943d71], contextLoader = 'org.springframework.test.context.support.DelegatingSmartContextLoader', parent = [null]]]
19:14:36.737 [main] DEBUG org.springframework.test.context.cache - Spring test ApplicationContext cache statistics: [DefaultContextCache@682b2fa size = 1, maxSize = 32, parentContextCount = 0, hitCount = 5, missCount = 1]
19:14:36.739 [main] DEBUG org.springframework.test.context.support.AbstractDirtiesContextTestExecutionListener - After test method: context [DefaultTestContext@345965f2 testClass = BikePackageServiceTest, testInstance = com.example.fdv.bikes.BikePackageServiceTest@731f8236, testMethod = calculteFinalPackageTest@BikePackageServiceTest, testException = java.lang.NullPointerException, mergedContextConfiguration = [MergedContextConfiguration@429bd883 testClass = BikePackageServiceTest, locations = '{}', classes = '{}', contextInitializerClasses = '[]', activeProfiles = '{}', propertySourceLocations = '{}', propertySourceProperties = '{}', contextCustomizers = set[org.springframework.boot.test.context.filter.ExcludeFilterContextCustomizer@51cdd8a, org.springframework.boot.test.json.DuplicateJsonObjectContextCustomizerFactory$DuplicateJsonObjectContextCustomizer@2d6eabae, org.springframework.boot.test.mock.mockito.MockitoContextCustomizer@0, org.springframework.boot.test.autoconfigure.properties.PropertyMappingContextCustomizer@0, org.springframework.boot.test.autoconfigure.web.servlet.WebDriverContextCustomizerFactory$Customizer@2f943d71], contextLoader = 'org.springframework.test.context.support.DelegatingSmartContextLoader', parent = [null]]], class annotated with @DirtiesContext [false] with mode [null], method annotated with @DirtiesContext [false] with mode [null].
]]></system-out>
  </testcase>
</testsuite>